
========================================================================
Mon 31-05-2021 12:28:27:: INFO    : Processing Epochs/img_1539955889_sdp_l0.full_1284.full_pol_fg_wtspec_J1746-3213.ms_data-MFS-image.fits
Mon 31-05-2021 12:28:27:: INFO    : PyBDSF version 1.9.2
Mon 31-05-2021 12:28:27:: INFO    : Non-default input parameters:
                                        filename             = 'Epochs/img_1539955889_sdp_l0.full_1284.full_pol_fg_wtspec_J1746-3213.ms_data-MFS-image.fits'
                                        fix_to_beam          = True
                                        thresh_pix           = 3.0
                                        trim_box             = (3870.0, 3900.0, 4085.0, 4105.0)
Mon 31-05-2021 12:28:27:: USERINFO: --> Opened 'Epochs/img_1539955889_sdp_l0.full_1284.full_pol_fg_wtspec_J1746-3213.ms_data-MFS-image.fits'
Mon 31-05-2021 12:28:27:: INFO    : Original data shape of Epochs/img_1539955889_sdp_l0.full_1284.full_pol_fg_wtspec_J1746-3213.ms_data-MFS-image.fits: (1, 1, 8192, 8192)
Mon 31-05-2021 12:28:27:: INFO    : Final data shape (npol, nchan, x, y): (1, 1, 30, 20)
Mon 31-05-2021 12:28:27:: USERINFO: Image size .............................. : (30, 20) pixels
Mon 31-05-2021 12:28:27:: USERINFO: Number of channels ...................... : 1
Mon 31-05-2021 12:28:27:: USERINFO: Number of Stokes parameters ............. : 1
Mon 31-05-2021 12:28:27:: USERINFO: Beam shape (major, minor, pos angle) .... : (2.22398e-03, 1.40032e-03, 138.2) degrees
Mon 31-05-2021 12:28:27:: INFO    : Equinox of image is 2000.000000.
Mon 31-05-2021 12:28:27:: USERINFO: Frequency of image ...................... : 1283.896 MHz
Mon 31-05-2021 12:28:27:: USERINFO: Number of blank pixels .................. : 0 (0.0%)
Mon 31-05-2021 12:28:28:: INFO    : Raw mean (Stokes I) =  0.0286 mJy and raw rms =  0.0790 mJy 
Mon 31-05-2021 12:28:28:: INFO    : sigma clipped mean (Stokes I) =  0.0159 mJy and  sigma clipped rms =  0.0327 mJy 
Mon 31-05-2021 12:28:28:: USERINFO: Flux from sum of (non-blank) pixels ..... : 0.001 Jy
Mon 31-05-2021 12:28:28:: INFO    : Estimated bmpersrc_th =   16.00
Mon 31-05-2021 12:28:28:: INFO    : Parameter confused is True
Mon 31-05-2021 12:28:28:: USERINFO: --> Calculating background rms and mean images
Mon 31-05-2021 12:28:28:: INFO    : Estimated size of brightest source (pixels) = 5
Mon 31-05-2021 12:28:28:: INFO    : Maximum extent of largest 10-sigma island using clipped rms (pixels) = 4
Mon 31-05-2021 12:28:28:: USERINFO: Derived rms_box (box size, step size) ... : (21, 2) pixels
Mon 31-05-2021 12:28:28:: USERINFO: --> Size of rms_box larger than 1/4 of image size
Mon 31-05-2021 12:28:28:: USERINFO: --> Using constant background rms and mean
Mon 31-05-2021 12:28:28:: USERINFO: Value of background rms ................. : 3.27e-05 Jy/beam
Mon 31-05-2021 12:28:28:: USERINFO: Value of background mean ................ : 2e-05 Jy/beam
Mon 31-05-2021 12:28:28:: USERINFO: --> Expected 5-sigma-clipped false detection rate < fdr_ratio
Mon 31-05-2021 12:28:28:: USERINFO: --> Using sigma-clipping ('hard') thresholding
Mon 31-05-2021 12:28:28:: USERINFO: Minimum number of pixels per island ..... : 6
Mon 31-05-2021 12:28:28:: USERINFO: Number of islands found ................. : 1
Mon 31-05-2021 12:28:29:: USERINFO: Total number of Gaussians fit to image .. : 1
Mon 31-05-2021 12:28:29:: USERINFO: Total flux density in model ............. : 0.001 Jy
Mon 31-05-2021 12:28:29:: WARNING : After deconvolution, more than 50% of Gaussians are 1-D. Unless you're fitting an extended source, beam may be incorrect.
Mon 31-05-2021 12:28:29:: USERINFO: --> Grouping Gaussians into sources
Mon 31-05-2021 12:28:29:: USERINFO: Number of sources formed from Gaussians   : 1
Mon 31-05-2021 12:28:30:: INFO    : Calculating residual image after subtracting reconstructed gaussians
Mon 31-05-2021 12:28:30:: INFO    : Statistics of the Gaussian residual image:
                                            mean: 9.082e-06 (Jy/beam)
                                        std. dev: 3.073e-05 (Jy/beam)
                                            skew: -0.190
                                        kurtosis: -0.268
Mon 31-05-2021 12:28:30:: INFO    : Internally derived parameters:
                                        beam                 : (0.00222397975635385, 0.0014003182646352, 138.160934388977)
                                        bmpersrc_th          : 16.0
                                        frequency            : 1283895507.8125
                                        indir                : 'Epochs'
                                        minpix_isl           : 6
                                        rms_box              : (21, 2)
                                        rms_box_bright       : (21, 2)
                                        thresh               : 'hard'
                                        trim_box             : [3870, 3900, 4085, 4105]

========================================================================
Mon 31-05-2021 12:29:05:: INFO    : Processing Epochs/img_1539955889_sdp_l0.full_1284.full_pol_fg_wtspec_J1746-3213.ms_data-MFS-image.fits
Mon 31-05-2021 12:29:05:: INFO    : PyBDSF version 1.9.2
Mon 31-05-2021 12:29:05:: INFO    : Non-default input parameters:
                                        filename             = 'Epochs/img_1539955889_sdp_l0.full_1284.full_pol_fg_wtspec_J1746-3213.ms_data-MFS-image.fits'
                                        fix_to_beam          = True
                                        thresh_pix           = 3.0
                                        trim_box             = (3870.0, 3900.0, 4085.0, 4105.0)
Mon 31-05-2021 12:29:05:: USERINFO: --> Opened 'Epochs/img_1539955889_sdp_l0.full_1284.full_pol_fg_wtspec_J1746-3213.ms_data-MFS-image.fits'
Mon 31-05-2021 12:29:05:: INFO    : Original data shape of Epochs/img_1539955889_sdp_l0.full_1284.full_pol_fg_wtspec_J1746-3213.ms_data-MFS-image.fits: (1, 1, 8192, 8192)
Mon 31-05-2021 12:29:06:: INFO    : Final data shape (npol, nchan, x, y): (1, 1, 30, 20)
Mon 31-05-2021 12:29:06:: USERINFO: Image size .............................. : (30, 20) pixels
Mon 31-05-2021 12:29:06:: USERINFO: Number of channels ...................... : 1
Mon 31-05-2021 12:29:06:: USERINFO: Number of Stokes parameters ............. : 1
Mon 31-05-2021 12:29:06:: USERINFO: Beam shape (major, minor, pos angle) .... : (2.22398e-03, 1.40032e-03, 138.2) degrees
Mon 31-05-2021 12:29:06:: INFO    : Equinox of image is 2000.000000.
Mon 31-05-2021 12:29:06:: USERINFO: Frequency of image ...................... : 1283.896 MHz
Mon 31-05-2021 12:29:06:: USERINFO: Number of blank pixels .................. : 0 (0.0%)
Mon 31-05-2021 12:29:06:: INFO    : Raw mean (Stokes I) =  0.0286 mJy and raw rms =  0.0790 mJy 
Mon 31-05-2021 12:29:06:: INFO    : sigma clipped mean (Stokes I) =  0.0159 mJy and  sigma clipped rms =  0.0327 mJy 
Mon 31-05-2021 12:29:06:: USERINFO: Flux from sum of (non-blank) pixels ..... : 0.001 Jy
Mon 31-05-2021 12:29:06:: INFO    : Estimated bmpersrc_th =   16.00
Mon 31-05-2021 12:29:06:: INFO    : Parameter confused is True
Mon 31-05-2021 12:29:06:: USERINFO: --> Calculating background rms and mean images
Mon 31-05-2021 12:29:06:: INFO    : Estimated size of brightest source (pixels) = 5
Mon 31-05-2021 12:29:06:: INFO    : Maximum extent of largest 10-sigma island using clipped rms (pixels) = 4
Mon 31-05-2021 12:29:06:: USERINFO: Derived rms_box (box size, step size) ... : (21, 2) pixels
Mon 31-05-2021 12:29:06:: USERINFO: --> Size of rms_box larger than 1/4 of image size
Mon 31-05-2021 12:29:06:: USERINFO: --> Using constant background rms and mean
Mon 31-05-2021 12:29:06:: USERINFO: Value of background rms ................. : 3.27e-05 Jy/beam
Mon 31-05-2021 12:29:06:: USERINFO: Value of background mean ................ : 2e-05 Jy/beam
Mon 31-05-2021 12:29:07:: USERINFO: --> Expected 5-sigma-clipped false detection rate < fdr_ratio
Mon 31-05-2021 12:29:07:: USERINFO: --> Using sigma-clipping ('hard') thresholding
Mon 31-05-2021 12:29:07:: USERINFO: Minimum number of pixels per island ..... : 6
Mon 31-05-2021 12:29:07:: USERINFO: Number of islands found ................. : 1
Mon 31-05-2021 12:29:07:: USERINFO: Total number of Gaussians fit to image .. : 1
Mon 31-05-2021 12:29:07:: USERINFO: Total flux density in model ............. : 0.001 Jy
Mon 31-05-2021 12:29:07:: WARNING : After deconvolution, more than 50% of Gaussians are 1-D. Unless you're fitting an extended source, beam may be incorrect.
Mon 31-05-2021 12:29:07:: USERINFO: --> Grouping Gaussians into sources
Mon 31-05-2021 12:29:07:: USERINFO: Number of sources formed from Gaussians   : 1
Mon 31-05-2021 12:29:08:: INFO    : Calculating residual image after subtracting reconstructed gaussians
Mon 31-05-2021 12:29:08:: INFO    : Statistics of the Gaussian residual image:
                                            mean: 9.082e-06 (Jy/beam)
                                        std. dev: 3.073e-05 (Jy/beam)
                                            skew: -0.190
                                        kurtosis: -0.268
Mon 31-05-2021 12:29:08:: INFO    : Internally derived parameters:
                                        beam                 : (0.00222397975635385, 0.0014003182646352, 138.160934388977)
                                        bmpersrc_th          : 16.0
                                        frequency            : 1283895507.8125
                                        indir                : 'Epochs'
                                        minpix_isl           : 6
                                        rms_box              : (21, 2)
                                        rms_box_bright       : (21, 2)
                                        thresh               : 'hard'
                                        trim_box             : [3870, 3900, 4085, 4105]
Mon 31-05-2021 12:29:08:: INFO    : Writing timestep7

========================================================================
Mon 31-05-2021 12:34:38:: INFO    : Processing Epochs/img_1539955889_sdp_l0.full_1284.full_pol_fg_wtspec_J1746-3213.ms_data-MFS-image.fits
Mon 31-05-2021 12:34:38:: INFO    : PyBDSF version 1.9.2
Mon 31-05-2021 12:34:38:: INFO    : Non-default input parameters:
                                        filename             = 'Epochs/img_1539955889_sdp_l0.full_1284.full_pol_fg_wtspec_J1746-3213.ms_data-MFS-image.fits'
                                        fix_to_beam          = True
                                        thresh_pix           = 3.0
                                        trim_box             = (3870.0, 3900.0, 4085.0, 4105.0)
Mon 31-05-2021 12:34:38:: USERINFO: --> Opened 'Epochs/img_1539955889_sdp_l0.full_1284.full_pol_fg_wtspec_J1746-3213.ms_data-MFS-image.fits'
Mon 31-05-2021 12:34:38:: INFO    : Original data shape of Epochs/img_1539955889_sdp_l0.full_1284.full_pol_fg_wtspec_J1746-3213.ms_data-MFS-image.fits: (1, 1, 8192, 8192)
Mon 31-05-2021 12:34:38:: INFO    : Final data shape (npol, nchan, x, y): (1, 1, 30, 20)
Mon 31-05-2021 12:34:38:: USERINFO: Image size .............................. : (30, 20) pixels
Mon 31-05-2021 12:34:38:: USERINFO: Number of channels ...................... : 1
Mon 31-05-2021 12:34:38:: USERINFO: Number of Stokes parameters ............. : 1
Mon 31-05-2021 12:34:38:: USERINFO: Beam shape (major, minor, pos angle) .... : (2.22398e-03, 1.40032e-03, 138.2) degrees
Mon 31-05-2021 12:34:38:: INFO    : Equinox of image is 2000.000000.
Mon 31-05-2021 12:34:38:: USERINFO: Frequency of image ...................... : 1283.896 MHz
Mon 31-05-2021 12:34:38:: USERINFO: Number of blank pixels .................. : 0 (0.0%)
Mon 31-05-2021 12:34:39:: INFO    : Raw mean (Stokes I) =  0.0286 mJy and raw rms =  0.0790 mJy 
Mon 31-05-2021 12:34:39:: INFO    : sigma clipped mean (Stokes I) =  0.0159 mJy and  sigma clipped rms =  0.0327 mJy 
Mon 31-05-2021 12:34:39:: USERINFO: Flux from sum of (non-blank) pixels ..... : 0.001 Jy
Mon 31-05-2021 12:34:39:: INFO    : Estimated bmpersrc_th =   16.00
Mon 31-05-2021 12:34:39:: INFO    : Parameter confused is True
Mon 31-05-2021 12:34:39:: USERINFO: --> Calculating background rms and mean images
Mon 31-05-2021 12:34:39:: INFO    : Estimated size of brightest source (pixels) = 5
Mon 31-05-2021 12:34:39:: INFO    : Maximum extent of largest 10-sigma island using clipped rms (pixels) = 4
Mon 31-05-2021 12:34:39:: USERINFO: Derived rms_box (box size, step size) ... : (21, 2) pixels
Mon 31-05-2021 12:34:39:: USERINFO: --> Size of rms_box larger than 1/4 of image size
Mon 31-05-2021 12:34:39:: USERINFO: --> Using constant background rms and mean
Mon 31-05-2021 12:34:39:: USERINFO: Value of background rms ................. : 3.27e-05 Jy/beam
Mon 31-05-2021 12:34:39:: USERINFO: Value of background mean ................ : 2e-05 Jy/beam
Mon 31-05-2021 12:34:39:: USERINFO: --> Expected 5-sigma-clipped false detection rate < fdr_ratio
Mon 31-05-2021 12:34:39:: USERINFO: --> Using sigma-clipping ('hard') thresholding
Mon 31-05-2021 12:34:39:: USERINFO: Minimum number of pixels per island ..... : 6
Mon 31-05-2021 12:34:39:: USERINFO: Number of islands found ................. : 1
Mon 31-05-2021 12:34:39:: USERINFO: Total number of Gaussians fit to image .. : 1
Mon 31-05-2021 12:34:39:: USERINFO: Total flux density in model ............. : 0.001 Jy
Mon 31-05-2021 12:34:39:: WARNING : After deconvolution, more than 50% of Gaussians are 1-D. Unless you're fitting an extended source, beam may be incorrect.
Mon 31-05-2021 12:34:40:: USERINFO: --> Grouping Gaussians into sources
Mon 31-05-2021 12:34:40:: USERINFO: Number of sources formed from Gaussians   : 1
Mon 31-05-2021 12:34:40:: INFO    : Calculating residual image after subtracting reconstructed gaussians
Mon 31-05-2021 12:34:40:: INFO    : Statistics of the Gaussian residual image:
                                            mean: 9.082e-06 (Jy/beam)
                                        std. dev: 3.073e-05 (Jy/beam)
                                            skew: -0.190
                                        kurtosis: -0.268
Mon 31-05-2021 12:34:41:: INFO    : Internally derived parameters:
                                        beam                 : (0.00222397975635385, 0.0014003182646352, 138.160934388977)
                                        bmpersrc_th          : 16.0
                                        frequency            : 1283895507.8125
                                        indir                : 'Epochs'
                                        minpix_isl           : 6
                                        rms_box              : (21, 2)
                                        rms_box_bright       : (21, 2)
                                        thresh               : 'hard'
                                        trim_box             : [3870, 3900, 4085, 4105]
Mon 31-05-2021 12:34:43:: INFO    : Writing PYBDSFLC/timestep7

========================================================================
Thu 17-06-2021 13:06:23:: INFO    : Processing Epochs/img_1539955889_sdp_l0.full_1284.full_pol_fg_wtspec_J1746-3213.ms_data-MFS-image.fits
Thu 17-06-2021 13:06:23:: INFO    : PyBDSF version 1.9.2
Thu 17-06-2021 13:06:23:: INFO    : Non-default input parameters:
                                        filename             = 'Epochs/img_1539955889_sdp_l0.full_1284.full_pol_fg_wtspec_J1746-3213.ms_data-MFS-image.fits'
                                        fix_to_beam          = True
                                        thresh_pix           = 3.0
                                        trim_box             = (3870.0, 3900.0, 4085.0, 4105.0)
Thu 17-06-2021 13:06:23:: USERINFO: --> Opened 'Epochs/img_1539955889_sdp_l0.full_1284.full_pol_fg_wtspec_J1746-3213.ms_data-MFS-image.fits'
Thu 17-06-2021 13:06:23:: INFO    : Original data shape of Epochs/img_1539955889_sdp_l0.full_1284.full_pol_fg_wtspec_J1746-3213.ms_data-MFS-image.fits: (1, 1, 8192, 8192)
Thu 17-06-2021 13:06:23:: INFO    : Final data shape (npol, nchan, x, y): (1, 1, 30, 20)
Thu 17-06-2021 13:06:23:: USERINFO: Image size .............................. : (30, 20) pixels
Thu 17-06-2021 13:06:23:: USERINFO: Number of channels ...................... : 1
Thu 17-06-2021 13:06:23:: USERINFO: Number of Stokes parameters ............. : 1
Thu 17-06-2021 13:06:23:: USERINFO: Beam shape (major, minor, pos angle) .... : (2.22398e-03, 1.40032e-03, 138.2) degrees
Thu 17-06-2021 13:06:23:: INFO    : Equinox of image is 2000.000000.
Thu 17-06-2021 13:06:24:: USERINFO: Frequency of image ...................... : 1283.896 MHz
Thu 17-06-2021 13:06:24:: USERINFO: Number of blank pixels .................. : 0 (0.0%)
Thu 17-06-2021 13:06:24:: INFO    : Raw mean (Stokes I) =  0.0286 mJy and raw rms =  0.0790 mJy 
Thu 17-06-2021 13:06:24:: INFO    : sigma clipped mean (Stokes I) =  0.0159 mJy and  sigma clipped rms =  0.0327 mJy 
Thu 17-06-2021 13:06:24:: USERINFO: Flux from sum of (non-blank) pixels ..... : 0.001 Jy
Thu 17-06-2021 13:06:24:: INFO    : Estimated bmpersrc_th =   16.00
Thu 17-06-2021 13:06:24:: INFO    : Parameter confused is True
Thu 17-06-2021 13:06:24:: USERINFO: --> Calculating background rms and mean images
Thu 17-06-2021 13:06:24:: INFO    : Estimated size of brightest source (pixels) = 5
Thu 17-06-2021 13:06:24:: INFO    : Maximum extent of largest 10-sigma island using clipped rms (pixels) = 4
Thu 17-06-2021 13:06:24:: USERINFO: Derived rms_box (box size, step size) ... : (21, 2) pixels
Thu 17-06-2021 13:06:24:: USERINFO: --> Size of rms_box larger than 1/4 of image size
Thu 17-06-2021 13:06:24:: USERINFO: --> Using constant background rms and mean
Thu 17-06-2021 13:06:24:: USERINFO: Value of background rms ................. : 3.27e-05 Jy/beam
Thu 17-06-2021 13:06:24:: USERINFO: Value of background mean ................ : 2e-05 Jy/beam
Thu 17-06-2021 13:06:24:: USERINFO: --> Expected 5-sigma-clipped false detection rate < fdr_ratio
Thu 17-06-2021 13:06:24:: USERINFO: --> Using sigma-clipping ('hard') thresholding
Thu 17-06-2021 13:06:24:: USERINFO: Minimum number of pixels per island ..... : 6
Thu 17-06-2021 13:06:24:: USERINFO: Number of islands found ................. : 1
Thu 17-06-2021 13:06:25:: USERINFO: Total number of Gaussians fit to image .. : 1
Thu 17-06-2021 13:06:25:: USERINFO: Total flux density in model ............. : 0.001 Jy
Thu 17-06-2021 13:06:25:: WARNING : After deconvolution, more than 50% of Gaussians are 1-D. Unless you're fitting an extended source, beam may be incorrect.
Thu 17-06-2021 13:06:25:: USERINFO: --> Grouping Gaussians into sources
Thu 17-06-2021 13:06:25:: USERINFO: Number of sources formed from Gaussians   : 1
Thu 17-06-2021 13:06:26:: INFO    : Calculating residual image after subtracting reconstructed gaussians
Thu 17-06-2021 13:06:26:: INFO    : Statistics of the Gaussian residual image:
                                            mean: 9.082e-06 (Jy/beam)
                                        std. dev: 3.073e-05 (Jy/beam)
                                            skew: -0.190
                                        kurtosis: -0.268
Thu 17-06-2021 13:06:27:: INFO    : Internally derived parameters:
                                        beam                 : (0.00222397975635385, 0.0014003182646352, 138.160934388977)
                                        bmpersrc_th          : 16.0
                                        frequency            : 1283895507.8125
                                        indir                : 'Epochs'
                                        minpix_isl           : 6
                                        rms_box              : (21, 2)
                                        rms_box_bright       : (21, 2)
                                        thresh               : 'hard'
                                        trim_box             : [3870, 3900, 4085, 4105]
Thu 17-06-2021 13:06:29:: INFO    : Writing PYBDSFLC/timestep7
