
========================================================================
Mon 31-05-2021 12:28:04:: INFO    : Processing Epochs/img_1536166854_sdp_l0.full_1284.full_pol_fg_wtspec_J1746-3213.ms_data-MFS-image.fits
Mon 31-05-2021 12:28:04:: INFO    : PyBDSF version 1.9.2
Mon 31-05-2021 12:28:04:: INFO    : Non-default input parameters:
                                        filename             = 'Epochs/img_1536166854_sdp_l0.full_1284.full_pol_fg_wtspec_J1746-3213.ms_data-MFS-image.fits'
                                        fix_to_beam          = True
                                        thresh_pix           = 3.0
                                        trim_box             = (3870.0, 3900.0, 4085.0, 4105.0)
Mon 31-05-2021 12:28:04:: USERINFO: --> Opened 'Epochs/img_1536166854_sdp_l0.full_1284.full_pol_fg_wtspec_J1746-3213.ms_data-MFS-image.fits'
Mon 31-05-2021 12:28:04:: INFO    : Original data shape of Epochs/img_1536166854_sdp_l0.full_1284.full_pol_fg_wtspec_J1746-3213.ms_data-MFS-image.fits: (1, 1, 8192, 8192)
Mon 31-05-2021 12:28:04:: INFO    : Final data shape (npol, nchan, x, y): (1, 1, 30, 20)
Mon 31-05-2021 12:28:04:: USERINFO: Image size .............................. : (30, 20) pixels
Mon 31-05-2021 12:28:04:: USERINFO: Number of channels ...................... : 1
Mon 31-05-2021 12:28:04:: USERINFO: Number of Stokes parameters ............. : 1
Mon 31-05-2021 12:28:04:: USERINFO: Beam shape (major, minor, pos angle) .... : (2.39160e-03, 1.50129e-03, 138.0) degrees
Mon 31-05-2021 12:28:04:: INFO    : Equinox of image is 2000.000000.
Mon 31-05-2021 12:28:05:: USERINFO: Frequency of image ...................... : 1283.896 MHz
Mon 31-05-2021 12:28:05:: USERINFO: Number of blank pixels .................. : 0 (0.0%)
Mon 31-05-2021 12:28:05:: INFO    : Raw mean (Stokes I) =  0.0637 mJy and raw rms =  0.0441 mJy 
Mon 31-05-2021 12:28:05:: INFO    : sigma clipped mean (Stokes I) =  0.0664 mJy and  sigma clipped rms =  0.0416 mJy 
Mon 31-05-2021 12:28:05:: USERINFO: Flux from sum of (non-blank) pixels ..... : 0.002 Jy
Mon 31-05-2021 12:28:05:: INFO    : Estimated bmpersrc_th =  100.00
Mon 31-05-2021 12:28:05:: INFO    : Parameter confused is True
Mon 31-05-2021 12:28:05:: USERINFO: --> Calculating background rms and mean images
Mon 31-05-2021 12:28:05:: INFO    : Estimated size of brightest source (pixels) = 5
Mon 31-05-2021 12:28:05:: INFO    : Maximum extent of largest 10-sigma island using clipped rms (pixels) = 0.0
Mon 31-05-2021 12:28:05:: USERINFO: Derived rms_box (box size, step size) ... : (21, 2) pixels
Mon 31-05-2021 12:28:05:: USERINFO: --> Size of rms_box larger than 1/4 of image size
Mon 31-05-2021 12:28:05:: USERINFO: --> Using constant background rms and mean
Mon 31-05-2021 12:28:05:: USERINFO: Value of background rms ................. : 4.16e-05 Jy/beam
Mon 31-05-2021 12:28:05:: USERINFO: Value of background mean ................ : 7e-05 Jy/beam
Mon 31-05-2021 12:28:05:: USERINFO: --> Expected 5-sigma-clipped false detection rate < fdr_ratio
Mon 31-05-2021 12:28:05:: USERINFO: --> Using sigma-clipping ('hard') thresholding
Mon 31-05-2021 12:28:05:: USERINFO: Minimum number of pixels per island ..... : 7
Mon 31-05-2021 12:28:05:: USERINFO: Number of islands found ................. : 1
Mon 31-05-2021 12:28:06:: USERINFO: Total number of Gaussians fit to image .. : 1
Mon 31-05-2021 12:28:06:: USERINFO: Total flux density in model ............. : 0.000 Jy
Mon 31-05-2021 12:28:06:: WARNING : Total flux density in model is 0.10 times sum of pixels in input image. Large residuals may remain.
Mon 31-05-2021 12:28:06:: USERINFO: --> Grouping Gaussians into sources
Mon 31-05-2021 12:28:06:: USERINFO: Number of sources formed from Gaussians   : 1
Mon 31-05-2021 12:28:07:: INFO    : Calculating residual image after subtracting reconstructed gaussians
Mon 31-05-2021 12:28:07:: INFO    : Statistics of the Gaussian residual image:
                                            mean: 5.706e-05 (Jy/beam)
                                        std. dev: 3.631e-05 (Jy/beam)
                                            skew: -0.266
                                        kurtosis: -0.767
Mon 31-05-2021 12:28:07:: INFO    : Internally derived parameters:
                                        beam                 : (0.00239160165587104, 0.00150128938502993, 138.019689267466)
                                        bmpersrc_th          : 100.0
                                        frequency            : 1283895507.8125
                                        indir                : 'Epochs'
                                        minpix_isl           : 7
                                        rms_box              : (21, 2)
                                        rms_box_bright       : (21, 2)
                                        thresh               : 'hard'
                                        trim_box             : [3870, 3900, 4085, 4105]

========================================================================
Mon 31-05-2021 12:28:42:: INFO    : Processing Epochs/img_1536166854_sdp_l0.full_1284.full_pol_fg_wtspec_J1746-3213.ms_data-MFS-image.fits
Mon 31-05-2021 12:28:42:: INFO    : PyBDSF version 1.9.2
Mon 31-05-2021 12:28:42:: INFO    : Non-default input parameters:
                                        filename             = 'Epochs/img_1536166854_sdp_l0.full_1284.full_pol_fg_wtspec_J1746-3213.ms_data-MFS-image.fits'
                                        fix_to_beam          = True
                                        thresh_pix           = 3.0
                                        trim_box             = (3870.0, 3900.0, 4085.0, 4105.0)
Mon 31-05-2021 12:28:42:: USERINFO: --> Opened 'Epochs/img_1536166854_sdp_l0.full_1284.full_pol_fg_wtspec_J1746-3213.ms_data-MFS-image.fits'
Mon 31-05-2021 12:28:42:: INFO    : Original data shape of Epochs/img_1536166854_sdp_l0.full_1284.full_pol_fg_wtspec_J1746-3213.ms_data-MFS-image.fits: (1, 1, 8192, 8192)
Mon 31-05-2021 12:28:43:: INFO    : Final data shape (npol, nchan, x, y): (1, 1, 30, 20)
Mon 31-05-2021 12:28:43:: USERINFO: Image size .............................. : (30, 20) pixels
Mon 31-05-2021 12:28:43:: USERINFO: Number of channels ...................... : 1
Mon 31-05-2021 12:28:43:: USERINFO: Number of Stokes parameters ............. : 1
Mon 31-05-2021 12:28:43:: USERINFO: Beam shape (major, minor, pos angle) .... : (2.39160e-03, 1.50129e-03, 138.0) degrees
Mon 31-05-2021 12:28:43:: INFO    : Equinox of image is 2000.000000.
Mon 31-05-2021 12:28:43:: USERINFO: Frequency of image ...................... : 1283.896 MHz
Mon 31-05-2021 12:28:43:: USERINFO: Number of blank pixels .................. : 0 (0.0%)
Mon 31-05-2021 12:28:43:: INFO    : Raw mean (Stokes I) =  0.0637 mJy and raw rms =  0.0441 mJy 
Mon 31-05-2021 12:28:43:: INFO    : sigma clipped mean (Stokes I) =  0.0664 mJy and  sigma clipped rms =  0.0416 mJy 
Mon 31-05-2021 12:28:43:: USERINFO: Flux from sum of (non-blank) pixels ..... : 0.002 Jy
Mon 31-05-2021 12:28:43:: INFO    : Estimated bmpersrc_th =  100.00
Mon 31-05-2021 12:28:43:: INFO    : Parameter confused is True
Mon 31-05-2021 12:28:43:: USERINFO: --> Calculating background rms and mean images
Mon 31-05-2021 12:28:43:: INFO    : Estimated size of brightest source (pixels) = 5
Mon 31-05-2021 12:28:43:: INFO    : Maximum extent of largest 10-sigma island using clipped rms (pixels) = 0.0
Mon 31-05-2021 12:28:43:: USERINFO: Derived rms_box (box size, step size) ... : (21, 2) pixels
Mon 31-05-2021 12:28:43:: USERINFO: --> Size of rms_box larger than 1/4 of image size
Mon 31-05-2021 12:28:43:: USERINFO: --> Using constant background rms and mean
Mon 31-05-2021 12:28:43:: USERINFO: Value of background rms ................. : 4.16e-05 Jy/beam
Mon 31-05-2021 12:28:43:: USERINFO: Value of background mean ................ : 7e-05 Jy/beam
Mon 31-05-2021 12:28:44:: USERINFO: --> Expected 5-sigma-clipped false detection rate < fdr_ratio
Mon 31-05-2021 12:28:44:: USERINFO: --> Using sigma-clipping ('hard') thresholding
Mon 31-05-2021 12:28:44:: USERINFO: Minimum number of pixels per island ..... : 7
Mon 31-05-2021 12:28:44:: USERINFO: Number of islands found ................. : 1
Mon 31-05-2021 12:28:44:: USERINFO: Total number of Gaussians fit to image .. : 1
Mon 31-05-2021 12:28:44:: USERINFO: Total flux density in model ............. : 0.000 Jy
Mon 31-05-2021 12:28:44:: WARNING : Total flux density in model is 0.10 times sum of pixels in input image. Large residuals may remain.
Mon 31-05-2021 12:28:44:: USERINFO: --> Grouping Gaussians into sources
Mon 31-05-2021 12:28:44:: USERINFO: Number of sources formed from Gaussians   : 1
Mon 31-05-2021 12:28:45:: INFO    : Calculating residual image after subtracting reconstructed gaussians
Mon 31-05-2021 12:28:45:: INFO    : Statistics of the Gaussian residual image:
                                            mean: 5.706e-05 (Jy/beam)
                                        std. dev: 3.631e-05 (Jy/beam)
                                            skew: -0.266
                                        kurtosis: -0.767
Mon 31-05-2021 12:28:46:: INFO    : Internally derived parameters:
                                        beam                 : (0.00239160165587104, 0.00150128938502993, 138.019689267466)
                                        bmpersrc_th          : 100.0
                                        frequency            : 1283895507.8125
                                        indir                : 'Epochs'
                                        minpix_isl           : 7
                                        rms_box              : (21, 2)
                                        rms_box_bright       : (21, 2)
                                        thresh               : 'hard'
                                        trim_box             : [3870, 3900, 4085, 4105]
Mon 31-05-2021 12:28:46:: INFO    : Writing timestep0

========================================================================
Mon 31-05-2021 12:33:58:: INFO    : Processing Epochs/img_1536166854_sdp_l0.full_1284.full_pol_fg_wtspec_J1746-3213.ms_data-MFS-image.fits
Mon 31-05-2021 12:33:58:: INFO    : PyBDSF version 1.9.2
Mon 31-05-2021 12:33:58:: INFO    : Non-default input parameters:
                                        filename             = 'Epochs/img_1536166854_sdp_l0.full_1284.full_pol_fg_wtspec_J1746-3213.ms_data-MFS-image.fits'
                                        fix_to_beam          = True
                                        thresh_pix           = 3.0
                                        trim_box             = (3870.0, 3900.0, 4085.0, 4105.0)
Mon 31-05-2021 12:33:58:: USERINFO: --> Opened 'Epochs/img_1536166854_sdp_l0.full_1284.full_pol_fg_wtspec_J1746-3213.ms_data-MFS-image.fits'
Mon 31-05-2021 12:33:58:: INFO    : Original data shape of Epochs/img_1536166854_sdp_l0.full_1284.full_pol_fg_wtspec_J1746-3213.ms_data-MFS-image.fits: (1, 1, 8192, 8192)
Mon 31-05-2021 12:33:58:: INFO    : Final data shape (npol, nchan, x, y): (1, 1, 30, 20)
Mon 31-05-2021 12:33:58:: USERINFO: Image size .............................. : (30, 20) pixels
Mon 31-05-2021 12:33:58:: USERINFO: Number of channels ...................... : 1
Mon 31-05-2021 12:33:58:: USERINFO: Number of Stokes parameters ............. : 1
Mon 31-05-2021 12:33:58:: USERINFO: Beam shape (major, minor, pos angle) .... : (2.39160e-03, 1.50129e-03, 138.0) degrees
Mon 31-05-2021 12:33:58:: INFO    : Equinox of image is 2000.000000.
Mon 31-05-2021 12:33:58:: USERINFO: Frequency of image ...................... : 1283.896 MHz
Mon 31-05-2021 12:33:58:: USERINFO: Number of blank pixels .................. : 0 (0.0%)
Mon 31-05-2021 12:33:59:: INFO    : Raw mean (Stokes I) =  0.0637 mJy and raw rms =  0.0441 mJy 
Mon 31-05-2021 12:33:59:: INFO    : sigma clipped mean (Stokes I) =  0.0664 mJy and  sigma clipped rms =  0.0416 mJy 
Mon 31-05-2021 12:33:59:: USERINFO: Flux from sum of (non-blank) pixels ..... : 0.002 Jy
Mon 31-05-2021 12:33:59:: INFO    : Estimated bmpersrc_th =  100.00
Mon 31-05-2021 12:33:59:: INFO    : Parameter confused is True
Mon 31-05-2021 12:33:59:: USERINFO: --> Calculating background rms and mean images
Mon 31-05-2021 12:33:59:: INFO    : Estimated size of brightest source (pixels) = 5
Mon 31-05-2021 12:33:59:: INFO    : Maximum extent of largest 10-sigma island using clipped rms (pixels) = 0.0
Mon 31-05-2021 12:33:59:: USERINFO: Derived rms_box (box size, step size) ... : (21, 2) pixels
Mon 31-05-2021 12:33:59:: USERINFO: --> Size of rms_box larger than 1/4 of image size
Mon 31-05-2021 12:33:59:: USERINFO: --> Using constant background rms and mean
Mon 31-05-2021 12:33:59:: USERINFO: Value of background rms ................. : 4.16e-05 Jy/beam
Mon 31-05-2021 12:33:59:: USERINFO: Value of background mean ................ : 7e-05 Jy/beam
Mon 31-05-2021 12:33:59:: USERINFO: --> Expected 5-sigma-clipped false detection rate < fdr_ratio
Mon 31-05-2021 12:33:59:: USERINFO: --> Using sigma-clipping ('hard') thresholding
Mon 31-05-2021 12:33:59:: USERINFO: Minimum number of pixels per island ..... : 7
Mon 31-05-2021 12:33:59:: USERINFO: Number of islands found ................. : 1
Mon 31-05-2021 12:34:00:: USERINFO: Total number of Gaussians fit to image .. : 1
Mon 31-05-2021 12:34:00:: USERINFO: Total flux density in model ............. : 0.000 Jy
Mon 31-05-2021 12:34:00:: WARNING : Total flux density in model is 0.10 times sum of pixels in input image. Large residuals may remain.
Mon 31-05-2021 12:34:00:: USERINFO: --> Grouping Gaussians into sources
Mon 31-05-2021 12:34:00:: USERINFO: Number of sources formed from Gaussians   : 1
Mon 31-05-2021 12:34:01:: INFO    : Calculating residual image after subtracting reconstructed gaussians
Mon 31-05-2021 12:34:01:: INFO    : Statistics of the Gaussian residual image:
                                            mean: 5.706e-05 (Jy/beam)
                                        std. dev: 3.631e-05 (Jy/beam)
                                            skew: -0.266
                                        kurtosis: -0.767
Mon 31-05-2021 12:34:01:: INFO    : Internally derived parameters:
                                        beam                 : (0.00239160165587104, 0.00150128938502993, 138.019689267466)
                                        bmpersrc_th          : 100.0
                                        frequency            : 1283895507.8125
                                        indir                : 'Epochs'
                                        minpix_isl           : 7
                                        rms_box              : (21, 2)
                                        rms_box_bright       : (21, 2)
                                        thresh               : 'hard'
                                        trim_box             : [3870, 3900, 4085, 4105]
Mon 31-05-2021 12:34:04:: INFO    : Writing PYBDSFLC/timestep0

========================================================================
Thu 17-06-2021 13:05:50:: INFO    : Processing Epochs/img_1536166854_sdp_l0.full_1284.full_pol_fg_wtspec_J1746-3213.ms_data-MFS-image.fits
Thu 17-06-2021 13:05:50:: INFO    : PyBDSF version 1.9.2
Thu 17-06-2021 13:05:50:: INFO    : Non-default input parameters:
                                        filename             = 'Epochs/img_1536166854_sdp_l0.full_1284.full_pol_fg_wtspec_J1746-3213.ms_data-MFS-image.fits'
                                        fix_to_beam          = True
                                        thresh_pix           = 3.0
                                        trim_box             = (3870.0, 3900.0, 4085.0, 4105.0)
Thu 17-06-2021 13:05:51:: USERINFO: --> Opened 'Epochs/img_1536166854_sdp_l0.full_1284.full_pol_fg_wtspec_J1746-3213.ms_data-MFS-image.fits'
Thu 17-06-2021 13:05:51:: INFO    : Original data shape of Epochs/img_1536166854_sdp_l0.full_1284.full_pol_fg_wtspec_J1746-3213.ms_data-MFS-image.fits: (1, 1, 8192, 8192)
Thu 17-06-2021 13:05:51:: INFO    : Final data shape (npol, nchan, x, y): (1, 1, 30, 20)
Thu 17-06-2021 13:05:51:: USERINFO: Image size .............................. : (30, 20) pixels
Thu 17-06-2021 13:05:51:: USERINFO: Number of channels ...................... : 1
Thu 17-06-2021 13:05:51:: USERINFO: Number of Stokes parameters ............. : 1
Thu 17-06-2021 13:05:51:: USERINFO: Beam shape (major, minor, pos angle) .... : (2.39160e-03, 1.50129e-03, 138.0) degrees
Thu 17-06-2021 13:05:51:: INFO    : Equinox of image is 2000.000000.
Thu 17-06-2021 13:05:51:: USERINFO: Frequency of image ...................... : 1283.896 MHz
Thu 17-06-2021 13:05:51:: USERINFO: Number of blank pixels .................. : 0 (0.0%)
Thu 17-06-2021 13:05:51:: INFO    : Raw mean (Stokes I) =  0.0637 mJy and raw rms =  0.0441 mJy 
Thu 17-06-2021 13:05:51:: INFO    : sigma clipped mean (Stokes I) =  0.0664 mJy and  sigma clipped rms =  0.0416 mJy 
Thu 17-06-2021 13:05:51:: USERINFO: Flux from sum of (non-blank) pixels ..... : 0.002 Jy
Thu 17-06-2021 13:05:51:: INFO    : Estimated bmpersrc_th =  100.00
Thu 17-06-2021 13:05:51:: INFO    : Parameter confused is True
Thu 17-06-2021 13:05:52:: USERINFO: --> Calculating background rms and mean images
Thu 17-06-2021 13:05:52:: INFO    : Estimated size of brightest source (pixels) = 5
Thu 17-06-2021 13:05:52:: INFO    : Maximum extent of largest 10-sigma island using clipped rms (pixels) = 0.0
Thu 17-06-2021 13:05:52:: USERINFO: Derived rms_box (box size, step size) ... : (21, 2) pixels
Thu 17-06-2021 13:05:52:: USERINFO: --> Size of rms_box larger than 1/4 of image size
Thu 17-06-2021 13:05:52:: USERINFO: --> Using constant background rms and mean
Thu 17-06-2021 13:05:52:: USERINFO: Value of background rms ................. : 4.16e-05 Jy/beam
Thu 17-06-2021 13:05:52:: USERINFO: Value of background mean ................ : 7e-05 Jy/beam
Thu 17-06-2021 13:05:52:: USERINFO: --> Expected 5-sigma-clipped false detection rate < fdr_ratio
Thu 17-06-2021 13:05:52:: USERINFO: --> Using sigma-clipping ('hard') thresholding
Thu 17-06-2021 13:05:52:: USERINFO: Minimum number of pixels per island ..... : 7
Thu 17-06-2021 13:05:52:: USERINFO: Number of islands found ................. : 1
Thu 17-06-2021 13:05:52:: USERINFO: Total number of Gaussians fit to image .. : 1
Thu 17-06-2021 13:05:52:: USERINFO: Total flux density in model ............. : 0.000 Jy
Thu 17-06-2021 13:05:52:: WARNING : Total flux density in model is 0.10 times sum of pixels in input image. Large residuals may remain.
Thu 17-06-2021 13:05:53:: USERINFO: --> Grouping Gaussians into sources
Thu 17-06-2021 13:05:53:: USERINFO: Number of sources formed from Gaussians   : 1
Thu 17-06-2021 13:05:53:: INFO    : Calculating residual image after subtracting reconstructed gaussians
Thu 17-06-2021 13:05:53:: INFO    : Statistics of the Gaussian residual image:
                                            mean: 5.706e-05 (Jy/beam)
                                        std. dev: 3.631e-05 (Jy/beam)
                                            skew: -0.266
                                        kurtosis: -0.767
Thu 17-06-2021 13:05:54:: INFO    : Internally derived parameters:
                                        beam                 : (0.00239160165587104, 0.00150128938502993, 138.019689267466)
                                        bmpersrc_th          : 100.0
                                        frequency            : 1283895507.8125
                                        indir                : 'Epochs'
                                        minpix_isl           : 7
                                        rms_box              : (21, 2)
                                        rms_box_bright       : (21, 2)
                                        thresh               : 'hard'
                                        trim_box             : [3870, 3900, 4085, 4105]
Thu 17-06-2021 13:05:55:: INFO    : Writing PYBDSFLC/timestep0
