
========================================================================
Mon 31-05-2021 12:28:10:: INFO    : Processing Epochs/img_1536942657_sdp_l0.full_1284.full_pol_fg_wtspec_J1746-3213.ms_data-MFS-image.fits
Mon 31-05-2021 12:28:10:: INFO    : PyBDSF version 1.9.2
Mon 31-05-2021 12:28:10:: INFO    : Non-default input parameters:
                                        filename             = 'Epochs/img_1536942657_sdp_l0.full_1284.full_pol_fg_wtspec_J1746-3213.ms_data-MFS-image.fits'
                                        fix_to_beam          = True
                                        thresh_pix           = 3.0
                                        trim_box             = (3870.0, 3900.0, 4085.0, 4105.0)
Mon 31-05-2021 12:28:10:: USERINFO: --> Opened 'Epochs/img_1536942657_sdp_l0.full_1284.full_pol_fg_wtspec_J1746-3213.ms_data-MFS-image.fits'
Mon 31-05-2021 12:28:10:: INFO    : Original data shape of Epochs/img_1536942657_sdp_l0.full_1284.full_pol_fg_wtspec_J1746-3213.ms_data-MFS-image.fits: (1, 1, 8192, 8192)
Mon 31-05-2021 12:28:11:: INFO    : Final data shape (npol, nchan, x, y): (1, 1, 30, 20)
Mon 31-05-2021 12:28:11:: USERINFO: Image size .............................. : (30, 20) pixels
Mon 31-05-2021 12:28:11:: USERINFO: Number of channels ...................... : 1
Mon 31-05-2021 12:28:11:: USERINFO: Number of Stokes parameters ............. : 1
Mon 31-05-2021 12:28:11:: USERINFO: Beam shape (major, minor, pos angle) .... : (2.58037e-03, 1.44676e-03, 139.7) degrees
Mon 31-05-2021 12:28:11:: INFO    : Equinox of image is 2000.000000.
Mon 31-05-2021 12:28:11:: USERINFO: Frequency of image ...................... : 1283.896 MHz
Mon 31-05-2021 12:28:11:: USERINFO: Number of blank pixels .................. : 0 (0.0%)
Mon 31-05-2021 12:28:11:: INFO    : Raw mean (Stokes I) =  0.0428 mJy and raw rms =  0.0671 mJy 
Mon 31-05-2021 12:28:11:: INFO    : sigma clipped mean (Stokes I) =  0.0293 mJy and  sigma clipped rms =  0.0657 mJy 
Mon 31-05-2021 12:28:11:: USERINFO: Flux from sum of (non-blank) pixels ..... : 0.001 Jy
Mon 31-05-2021 12:28:11:: INFO    : No pixels in image > 5-sigma.
Mon 31-05-2021 12:28:11:: INFO    : Taking number of pixels above 5-sigma as 1.
Mon 31-05-2021 12:28:11:: INFO    : Estimated bmpersrc_th =  400.00
Mon 31-05-2021 12:28:11:: INFO    : Parameter confused is True
Mon 31-05-2021 12:28:11:: USERINFO: --> Calculating background rms and mean images
Mon 31-05-2021 12:28:11:: INFO    : Estimated size of brightest source (pixels) = 5
Mon 31-05-2021 12:28:11:: INFO    : Maximum extent of largest 10-sigma island using clipped rms (pixels) = 0.0
Mon 31-05-2021 12:28:11:: USERINFO: Derived rms_box (box size, step size) ... : (23, 2) pixels
Mon 31-05-2021 12:28:11:: USERINFO: --> Size of rms_box larger than 1/4 of image size
Mon 31-05-2021 12:28:11:: USERINFO: --> Using constant background rms and mean
Mon 31-05-2021 12:28:11:: USERINFO: Value of background rms ................. : 6.57e-05 Jy/beam
Mon 31-05-2021 12:28:11:: USERINFO: Value of background mean ................ : 3e-05 Jy/beam
Mon 31-05-2021 12:28:11:: USERINFO: --> Expected 5-sigma-clipped false detection rate < fdr_ratio
Mon 31-05-2021 12:28:11:: USERINFO: --> Using sigma-clipping ('hard') thresholding
Mon 31-05-2021 12:28:12:: USERINFO: Minimum number of pixels per island ..... : 8
Mon 31-05-2021 12:28:12:: USERINFO: Number of islands found ................. : 0
Mon 31-05-2021 12:28:12:: USERINFO: --> Grouping Gaussians into sources
Mon 31-05-2021 12:28:12:: USERINFO: Number of sources formed from Gaussians   : 0
Mon 31-05-2021 12:28:13:: INFO    : Calculating residual image after subtracting reconstructed gaussians
Mon 31-05-2021 12:28:13:: INFO    : Statistics of the Gaussian residual image:
                                            mean: 4.275e-05 (Jy/beam)
                                        std. dev: 6.701e-05 (Jy/beam)
                                            skew: 0.360
                                        kurtosis: 0.540
Mon 31-05-2021 12:28:13:: INFO    : Internally derived parameters:
                                        beam                 : (0.00258037300141361, 0.00144675983682713, 139.746273183464)
                                        bmpersrc_th          : 400.0
                                        frequency            : 1283895507.8125
                                        indir                : 'Epochs'
                                        minpix_isl           : 8
                                        rms_box              : (23, 2)
                                        rms_box_bright       : (23, 2)
                                        thresh               : 'hard'
                                        trim_box             : [3870, 3900, 4085, 4105]

========================================================================
Mon 31-05-2021 12:28:49:: INFO    : Processing Epochs/img_1536942657_sdp_l0.full_1284.full_pol_fg_wtspec_J1746-3213.ms_data-MFS-image.fits
Mon 31-05-2021 12:28:49:: INFO    : PyBDSF version 1.9.2
Mon 31-05-2021 12:28:49:: INFO    : Non-default input parameters:
                                        filename             = 'Epochs/img_1536942657_sdp_l0.full_1284.full_pol_fg_wtspec_J1746-3213.ms_data-MFS-image.fits'
                                        fix_to_beam          = True
                                        thresh_pix           = 3.0
                                        trim_box             = (3870.0, 3900.0, 4085.0, 4105.0)
Mon 31-05-2021 12:28:49:: USERINFO: --> Opened 'Epochs/img_1536942657_sdp_l0.full_1284.full_pol_fg_wtspec_J1746-3213.ms_data-MFS-image.fits'
Mon 31-05-2021 12:28:49:: INFO    : Original data shape of Epochs/img_1536942657_sdp_l0.full_1284.full_pol_fg_wtspec_J1746-3213.ms_data-MFS-image.fits: (1, 1, 8192, 8192)
Mon 31-05-2021 12:28:49:: INFO    : Final data shape (npol, nchan, x, y): (1, 1, 30, 20)
Mon 31-05-2021 12:28:49:: USERINFO: Image size .............................. : (30, 20) pixels
Mon 31-05-2021 12:28:49:: USERINFO: Number of channels ...................... : 1
Mon 31-05-2021 12:28:49:: USERINFO: Number of Stokes parameters ............. : 1
Mon 31-05-2021 12:28:49:: USERINFO: Beam shape (major, minor, pos angle) .... : (2.58037e-03, 1.44676e-03, 139.7) degrees
Mon 31-05-2021 12:28:49:: INFO    : Equinox of image is 2000.000000.
Mon 31-05-2021 12:28:49:: USERINFO: Frequency of image ...................... : 1283.896 MHz
Mon 31-05-2021 12:28:49:: USERINFO: Number of blank pixels .................. : 0 (0.0%)
Mon 31-05-2021 12:28:49:: INFO    : Raw mean (Stokes I) =  0.0428 mJy and raw rms =  0.0671 mJy 
Mon 31-05-2021 12:28:49:: INFO    : sigma clipped mean (Stokes I) =  0.0293 mJy and  sigma clipped rms =  0.0657 mJy 
Mon 31-05-2021 12:28:49:: USERINFO: Flux from sum of (non-blank) pixels ..... : 0.001 Jy
Mon 31-05-2021 12:28:49:: INFO    : No pixels in image > 5-sigma.
Mon 31-05-2021 12:28:49:: INFO    : Taking number of pixels above 5-sigma as 1.
Mon 31-05-2021 12:28:49:: INFO    : Estimated bmpersrc_th =  400.00
Mon 31-05-2021 12:28:49:: INFO    : Parameter confused is True
Mon 31-05-2021 12:28:49:: USERINFO: --> Calculating background rms and mean images
Mon 31-05-2021 12:28:49:: INFO    : Estimated size of brightest source (pixels) = 5
Mon 31-05-2021 12:28:49:: INFO    : Maximum extent of largest 10-sigma island using clipped rms (pixels) = 0.0
Mon 31-05-2021 12:28:49:: USERINFO: Derived rms_box (box size, step size) ... : (23, 2) pixels
Mon 31-05-2021 12:28:49:: USERINFO: --> Size of rms_box larger than 1/4 of image size
Mon 31-05-2021 12:28:49:: USERINFO: --> Using constant background rms and mean
Mon 31-05-2021 12:28:49:: USERINFO: Value of background rms ................. : 6.57e-05 Jy/beam
Mon 31-05-2021 12:28:49:: USERINFO: Value of background mean ................ : 3e-05 Jy/beam
Mon 31-05-2021 12:28:50:: USERINFO: --> Expected 5-sigma-clipped false detection rate < fdr_ratio
Mon 31-05-2021 12:28:50:: USERINFO: --> Using sigma-clipping ('hard') thresholding
Mon 31-05-2021 12:28:50:: USERINFO: Minimum number of pixels per island ..... : 8
Mon 31-05-2021 12:28:50:: USERINFO: Number of islands found ................. : 0
Mon 31-05-2021 12:28:50:: USERINFO: --> Grouping Gaussians into sources
Mon 31-05-2021 12:28:50:: USERINFO: Number of sources formed from Gaussians   : 0
Mon 31-05-2021 12:28:51:: INFO    : Calculating residual image after subtracting reconstructed gaussians
Mon 31-05-2021 12:28:51:: INFO    : Statistics of the Gaussian residual image:
                                            mean: 4.275e-05 (Jy/beam)
                                        std. dev: 6.701e-05 (Jy/beam)
                                            skew: 0.360
                                        kurtosis: 0.540
Mon 31-05-2021 12:28:52:: INFO    : Internally derived parameters:
                                        beam                 : (0.00258037300141361, 0.00144675983682713, 139.746273183464)
                                        bmpersrc_th          : 400.0
                                        frequency            : 1283895507.8125
                                        indir                : 'Epochs'
                                        minpix_isl           : 8
                                        rms_box              : (23, 2)
                                        rms_box_bright       : (23, 2)
                                        thresh               : 'hard'
                                        trim_box             : [3870, 3900, 4085, 4105]

========================================================================
Mon 31-05-2021 12:34:10:: INFO    : Processing Epochs/img_1536942657_sdp_l0.full_1284.full_pol_fg_wtspec_J1746-3213.ms_data-MFS-image.fits
Mon 31-05-2021 12:34:10:: INFO    : PyBDSF version 1.9.2
Mon 31-05-2021 12:34:10:: INFO    : Non-default input parameters:
                                        filename             = 'Epochs/img_1536942657_sdp_l0.full_1284.full_pol_fg_wtspec_J1746-3213.ms_data-MFS-image.fits'
                                        fix_to_beam          = True
                                        thresh_pix           = 3.0
                                        trim_box             = (3870.0, 3900.0, 4085.0, 4105.0)
Mon 31-05-2021 12:34:10:: USERINFO: --> Opened 'Epochs/img_1536942657_sdp_l0.full_1284.full_pol_fg_wtspec_J1746-3213.ms_data-MFS-image.fits'
Mon 31-05-2021 12:34:10:: INFO    : Original data shape of Epochs/img_1536942657_sdp_l0.full_1284.full_pol_fg_wtspec_J1746-3213.ms_data-MFS-image.fits: (1, 1, 8192, 8192)
Mon 31-05-2021 12:34:10:: INFO    : Final data shape (npol, nchan, x, y): (1, 1, 30, 20)
Mon 31-05-2021 12:34:10:: USERINFO: Image size .............................. : (30, 20) pixels
Mon 31-05-2021 12:34:10:: USERINFO: Number of channels ...................... : 1
Mon 31-05-2021 12:34:10:: USERINFO: Number of Stokes parameters ............. : 1
Mon 31-05-2021 12:34:10:: USERINFO: Beam shape (major, minor, pos angle) .... : (2.58037e-03, 1.44676e-03, 139.7) degrees
Mon 31-05-2021 12:34:10:: INFO    : Equinox of image is 2000.000000.
Mon 31-05-2021 12:34:10:: USERINFO: Frequency of image ...................... : 1283.896 MHz
Mon 31-05-2021 12:34:10:: USERINFO: Number of blank pixels .................. : 0 (0.0%)
Mon 31-05-2021 12:34:11:: INFO    : Raw mean (Stokes I) =  0.0428 mJy and raw rms =  0.0671 mJy 
Mon 31-05-2021 12:34:11:: INFO    : sigma clipped mean (Stokes I) =  0.0293 mJy and  sigma clipped rms =  0.0657 mJy 
Mon 31-05-2021 12:34:11:: USERINFO: Flux from sum of (non-blank) pixels ..... : 0.001 Jy
Mon 31-05-2021 12:34:11:: INFO    : No pixels in image > 5-sigma.
Mon 31-05-2021 12:34:11:: INFO    : Taking number of pixels above 5-sigma as 1.
Mon 31-05-2021 12:34:11:: INFO    : Estimated bmpersrc_th =  400.00
Mon 31-05-2021 12:34:11:: INFO    : Parameter confused is True
Mon 31-05-2021 12:34:11:: USERINFO: --> Calculating background rms and mean images
Mon 31-05-2021 12:34:11:: INFO    : Estimated size of brightest source (pixels) = 5
Mon 31-05-2021 12:34:11:: INFO    : Maximum extent of largest 10-sigma island using clipped rms (pixels) = 0.0
Mon 31-05-2021 12:34:11:: USERINFO: Derived rms_box (box size, step size) ... : (23, 2) pixels
Mon 31-05-2021 12:34:11:: USERINFO: --> Size of rms_box larger than 1/4 of image size
Mon 31-05-2021 12:34:11:: USERINFO: --> Using constant background rms and mean
Mon 31-05-2021 12:34:11:: USERINFO: Value of background rms ................. : 6.57e-05 Jy/beam
Mon 31-05-2021 12:34:11:: USERINFO: Value of background mean ................ : 3e-05 Jy/beam
Mon 31-05-2021 12:34:11:: USERINFO: --> Expected 5-sigma-clipped false detection rate < fdr_ratio
Mon 31-05-2021 12:34:11:: USERINFO: --> Using sigma-clipping ('hard') thresholding
Mon 31-05-2021 12:34:11:: USERINFO: Minimum number of pixels per island ..... : 8
Mon 31-05-2021 12:34:11:: USERINFO: Number of islands found ................. : 0
Mon 31-05-2021 12:34:12:: USERINFO: --> Grouping Gaussians into sources
Mon 31-05-2021 12:34:12:: USERINFO: Number of sources formed from Gaussians   : 0
Mon 31-05-2021 12:34:12:: INFO    : Calculating residual image after subtracting reconstructed gaussians
Mon 31-05-2021 12:34:12:: INFO    : Statistics of the Gaussian residual image:
                                            mean: 4.275e-05 (Jy/beam)
                                        std. dev: 6.701e-05 (Jy/beam)
                                            skew: 0.360
                                        kurtosis: 0.540
Mon 31-05-2021 12:34:13:: INFO    : Internally derived parameters:
                                        beam                 : (0.00258037300141361, 0.00144675983682713, 139.746273183464)
                                        bmpersrc_th          : 400.0
                                        frequency            : 1283895507.8125
                                        indir                : 'Epochs'
                                        minpix_isl           : 8
                                        rms_box              : (23, 2)
                                        rms_box_bright       : (23, 2)
                                        thresh               : 'hard'
                                        trim_box             : [3870, 3900, 4085, 4105]

========================================================================
Thu 17-06-2021 13:06:00:: INFO    : Processing Epochs/img_1536942657_sdp_l0.full_1284.full_pol_fg_wtspec_J1746-3213.ms_data-MFS-image.fits
Thu 17-06-2021 13:06:00:: INFO    : PyBDSF version 1.9.2
Thu 17-06-2021 13:06:00:: INFO    : Non-default input parameters:
                                        filename             = 'Epochs/img_1536942657_sdp_l0.full_1284.full_pol_fg_wtspec_J1746-3213.ms_data-MFS-image.fits'
                                        fix_to_beam          = True
                                        thresh_pix           = 3.0
                                        trim_box             = (3870.0, 3900.0, 4085.0, 4105.0)
Thu 17-06-2021 13:06:00:: USERINFO: --> Opened 'Epochs/img_1536942657_sdp_l0.full_1284.full_pol_fg_wtspec_J1746-3213.ms_data-MFS-image.fits'
Thu 17-06-2021 13:06:00:: INFO    : Original data shape of Epochs/img_1536942657_sdp_l0.full_1284.full_pol_fg_wtspec_J1746-3213.ms_data-MFS-image.fits: (1, 1, 8192, 8192)
Thu 17-06-2021 13:06:00:: INFO    : Final data shape (npol, nchan, x, y): (1, 1, 30, 20)
Thu 17-06-2021 13:06:00:: USERINFO: Image size .............................. : (30, 20) pixels
Thu 17-06-2021 13:06:00:: USERINFO: Number of channels ...................... : 1
Thu 17-06-2021 13:06:00:: USERINFO: Number of Stokes parameters ............. : 1
Thu 17-06-2021 13:06:00:: USERINFO: Beam shape (major, minor, pos angle) .... : (2.58037e-03, 1.44676e-03, 139.7) degrees
Thu 17-06-2021 13:06:00:: INFO    : Equinox of image is 2000.000000.
Thu 17-06-2021 13:06:00:: USERINFO: Frequency of image ...................... : 1283.896 MHz
Thu 17-06-2021 13:06:00:: USERINFO: Number of blank pixels .................. : 0 (0.0%)
Thu 17-06-2021 13:06:00:: INFO    : Raw mean (Stokes I) =  0.0428 mJy and raw rms =  0.0671 mJy 
Thu 17-06-2021 13:06:00:: INFO    : sigma clipped mean (Stokes I) =  0.0293 mJy and  sigma clipped rms =  0.0657 mJy 
Thu 17-06-2021 13:06:00:: USERINFO: Flux from sum of (non-blank) pixels ..... : 0.001 Jy
Thu 17-06-2021 13:06:00:: INFO    : No pixels in image > 5-sigma.
Thu 17-06-2021 13:06:00:: INFO    : Taking number of pixels above 5-sigma as 1.
Thu 17-06-2021 13:06:00:: INFO    : Estimated bmpersrc_th =  400.00
Thu 17-06-2021 13:06:00:: INFO    : Parameter confused is True
Thu 17-06-2021 13:06:00:: USERINFO: --> Calculating background rms and mean images
Thu 17-06-2021 13:06:00:: INFO    : Estimated size of brightest source (pixels) = 5
Thu 17-06-2021 13:06:01:: INFO    : Maximum extent of largest 10-sigma island using clipped rms (pixels) = 0.0
Thu 17-06-2021 13:06:01:: USERINFO: Derived rms_box (box size, step size) ... : (23, 2) pixels
Thu 17-06-2021 13:06:01:: USERINFO: --> Size of rms_box larger than 1/4 of image size
Thu 17-06-2021 13:06:01:: USERINFO: --> Using constant background rms and mean
Thu 17-06-2021 13:06:01:: USERINFO: Value of background rms ................. : 6.57e-05 Jy/beam
Thu 17-06-2021 13:06:01:: USERINFO: Value of background mean ................ : 3e-05 Jy/beam
Thu 17-06-2021 13:06:01:: USERINFO: --> Expected 5-sigma-clipped false detection rate < fdr_ratio
Thu 17-06-2021 13:06:01:: USERINFO: --> Using sigma-clipping ('hard') thresholding
Thu 17-06-2021 13:06:01:: USERINFO: Minimum number of pixels per island ..... : 8
Thu 17-06-2021 13:06:01:: USERINFO: Number of islands found ................. : 0
Thu 17-06-2021 13:06:02:: USERINFO: --> Grouping Gaussians into sources
Thu 17-06-2021 13:06:02:: USERINFO: Number of sources formed from Gaussians   : 0
Thu 17-06-2021 13:06:02:: INFO    : Calculating residual image after subtracting reconstructed gaussians
Thu 17-06-2021 13:06:02:: INFO    : Statistics of the Gaussian residual image:
                                            mean: 4.275e-05 (Jy/beam)
                                        std. dev: 6.701e-05 (Jy/beam)
                                            skew: 0.360
                                        kurtosis: 0.540
Thu 17-06-2021 13:06:03:: INFO    : Internally derived parameters:
                                        beam                 : (0.00258037300141361, 0.00144675983682713, 139.746273183464)
                                        bmpersrc_th          : 400.0
                                        frequency            : 1283895507.8125
                                        indir                : 'Epochs'
                                        minpix_isl           : 8
                                        rms_box              : (23, 2)
                                        rms_box_bright       : (23, 2)
                                        thresh               : 'hard'
                                        trim_box             : [3870, 3900, 4085, 4105]
