
========================================================================
Mon 31-05-2021 12:28:13:: INFO    : Processing Epochs/img_1537545949_sdp_l0.full_1284.full_pol_fg_wtspec_J1746-3213.ms_data-MFS-image.fits
Mon 31-05-2021 12:28:13:: INFO    : PyBDSF version 1.9.2
Mon 31-05-2021 12:28:13:: INFO    : Non-default input parameters:
                                        filename             = 'Epochs/img_1537545949_sdp_l0.full_1284.full_pol_fg_wtspec_J1746-3213.ms_data-MFS-image.fits'
                                        fix_to_beam          = True
                                        thresh_pix           = 3.0
                                        trim_box             = (3870.0, 3900.0, 4085.0, 4105.0)
Mon 31-05-2021 12:28:13:: USERINFO: --> Opened 'Epochs/img_1537545949_sdp_l0.full_1284.full_pol_fg_wtspec_J1746-3213.ms_data-MFS-image.fits'
Mon 31-05-2021 12:28:13:: INFO    : Original data shape of Epochs/img_1537545949_sdp_l0.full_1284.full_pol_fg_wtspec_J1746-3213.ms_data-MFS-image.fits: (1, 1, 8192, 8192)
Mon 31-05-2021 12:28:13:: INFO    : Final data shape (npol, nchan, x, y): (1, 1, 30, 20)
Mon 31-05-2021 12:28:13:: USERINFO: Image size .............................. : (30, 20) pixels
Mon 31-05-2021 12:28:13:: USERINFO: Number of channels ...................... : 1
Mon 31-05-2021 12:28:13:: USERINFO: Number of Stokes parameters ............. : 1
Mon 31-05-2021 12:28:13:: USERINFO: Beam shape (major, minor, pos angle) .... : (1.82242e-03, 1.34437e-03, 173.8) degrees
Mon 31-05-2021 12:28:13:: INFO    : Equinox of image is 2000.000000.
Mon 31-05-2021 12:28:14:: USERINFO: Frequency of image ...................... : 1283.896 MHz
Mon 31-05-2021 12:28:14:: USERINFO: Number of blank pixels .................. : 0 (0.0%)
Mon 31-05-2021 12:28:14:: INFO    : Raw mean (Stokes I) =  0.0358 mJy and raw rms =  0.0264 mJy 
Mon 31-05-2021 12:28:14:: INFO    : sigma clipped mean (Stokes I) =  0.0386 mJy and  sigma clipped rms =  0.0263 mJy 
Mon 31-05-2021 12:28:14:: USERINFO: Flux from sum of (non-blank) pixels ..... : 0.001 Jy
Mon 31-05-2021 12:28:14:: INFO    : No pixels in image > 5-sigma.
Mon 31-05-2021 12:28:14:: INFO    : Taking number of pixels above 5-sigma as 1.
Mon 31-05-2021 12:28:14:: INFO    : Estimated bmpersrc_th =  400.00
Mon 31-05-2021 12:28:14:: INFO    : Parameter confused is True
Mon 31-05-2021 12:28:14:: USERINFO: --> Calculating background rms and mean images
Mon 31-05-2021 12:28:14:: INFO    : Estimated size of brightest source (pixels) = 4
Mon 31-05-2021 12:28:14:: INFO    : Maximum extent of largest 10-sigma island using clipped rms (pixels) = 0.0
Mon 31-05-2021 12:28:14:: USERINFO: Derived rms_box (box size, step size) ... : (16, 2) pixels
Mon 31-05-2021 12:28:14:: USERINFO: --> Size of rms_box larger than 1/4 of image size
Mon 31-05-2021 12:28:14:: USERINFO: --> Using constant background rms and mean
Mon 31-05-2021 12:28:14:: USERINFO: Value of background rms ................. : 2.63e-05 Jy/beam
Mon 31-05-2021 12:28:14:: USERINFO: Value of background mean ................ : 4e-05 Jy/beam
Mon 31-05-2021 12:28:14:: USERINFO: --> Expected 5-sigma-clipped false detection rate < fdr_ratio
Mon 31-05-2021 12:28:14:: USERINFO: --> Using sigma-clipping ('hard') thresholding
Mon 31-05-2021 12:28:15:: USERINFO: Minimum number of pixels per island ..... : 6
Mon 31-05-2021 12:28:15:: USERINFO: Number of islands found ................. : 0
Mon 31-05-2021 12:28:15:: USERINFO: --> Grouping Gaussians into sources
Mon 31-05-2021 12:28:15:: USERINFO: Number of sources formed from Gaussians   : 0
Mon 31-05-2021 12:28:16:: INFO    : Calculating residual image after subtracting reconstructed gaussians
Mon 31-05-2021 12:28:16:: INFO    : Statistics of the Gaussian residual image:
                                            mean: 3.579e-05 (Jy/beam)
                                        std. dev: 2.633e-05 (Jy/beam)
                                            skew: -0.038
                                        kurtosis: 0.045
Mon 31-05-2021 12:28:17:: INFO    : Internally derived parameters:
                                        beam                 : (0.00182242198316289, 0.00134436783681671, 173.802529277529)
                                        bmpersrc_th          : 400.0
                                        frequency            : 1283895507.8125
                                        indir                : 'Epochs'
                                        minpix_isl           : 6
                                        rms_box              : (16, 2)
                                        rms_box_bright       : (16, 2)
                                        thresh               : 'hard'
                                        trim_box             : [3870, 3900, 4085, 4105]

========================================================================
Mon 31-05-2021 12:28:52:: INFO    : Processing Epochs/img_1537545949_sdp_l0.full_1284.full_pol_fg_wtspec_J1746-3213.ms_data-MFS-image.fits
Mon 31-05-2021 12:28:52:: INFO    : PyBDSF version 1.9.2
Mon 31-05-2021 12:28:52:: INFO    : Non-default input parameters:
                                        filename             = 'Epochs/img_1537545949_sdp_l0.full_1284.full_pol_fg_wtspec_J1746-3213.ms_data-MFS-image.fits'
                                        fix_to_beam          = True
                                        thresh_pix           = 3.0
                                        trim_box             = (3870.0, 3900.0, 4085.0, 4105.0)
Mon 31-05-2021 12:28:52:: USERINFO: --> Opened 'Epochs/img_1537545949_sdp_l0.full_1284.full_pol_fg_wtspec_J1746-3213.ms_data-MFS-image.fits'
Mon 31-05-2021 12:28:52:: INFO    : Original data shape of Epochs/img_1537545949_sdp_l0.full_1284.full_pol_fg_wtspec_J1746-3213.ms_data-MFS-image.fits: (1, 1, 8192, 8192)
Mon 31-05-2021 12:28:52:: INFO    : Final data shape (npol, nchan, x, y): (1, 1, 30, 20)
Mon 31-05-2021 12:28:52:: USERINFO: Image size .............................. : (30, 20) pixels
Mon 31-05-2021 12:28:52:: USERINFO: Number of channels ...................... : 1
Mon 31-05-2021 12:28:52:: USERINFO: Number of Stokes parameters ............. : 1
Mon 31-05-2021 12:28:52:: USERINFO: Beam shape (major, minor, pos angle) .... : (1.82242e-03, 1.34437e-03, 173.8) degrees
Mon 31-05-2021 12:28:52:: INFO    : Equinox of image is 2000.000000.
Mon 31-05-2021 12:28:53:: USERINFO: Frequency of image ...................... : 1283.896 MHz
Mon 31-05-2021 12:28:53:: USERINFO: Number of blank pixels .................. : 0 (0.0%)
Mon 31-05-2021 12:28:53:: INFO    : Raw mean (Stokes I) =  0.0358 mJy and raw rms =  0.0264 mJy 
Mon 31-05-2021 12:28:53:: INFO    : sigma clipped mean (Stokes I) =  0.0386 mJy and  sigma clipped rms =  0.0263 mJy 
Mon 31-05-2021 12:28:53:: USERINFO: Flux from sum of (non-blank) pixels ..... : 0.001 Jy
Mon 31-05-2021 12:28:53:: INFO    : No pixels in image > 5-sigma.
Mon 31-05-2021 12:28:53:: INFO    : Taking number of pixels above 5-sigma as 1.
Mon 31-05-2021 12:28:53:: INFO    : Estimated bmpersrc_th =  400.00
Mon 31-05-2021 12:28:53:: INFO    : Parameter confused is True
Mon 31-05-2021 12:28:53:: USERINFO: --> Calculating background rms and mean images
Mon 31-05-2021 12:28:53:: INFO    : Estimated size of brightest source (pixels) = 4
Mon 31-05-2021 12:28:53:: INFO    : Maximum extent of largest 10-sigma island using clipped rms (pixels) = 0.0
Mon 31-05-2021 12:28:53:: USERINFO: Derived rms_box (box size, step size) ... : (16, 2) pixels
Mon 31-05-2021 12:28:53:: USERINFO: --> Size of rms_box larger than 1/4 of image size
Mon 31-05-2021 12:28:53:: USERINFO: --> Using constant background rms and mean
Mon 31-05-2021 12:28:53:: USERINFO: Value of background rms ................. : 2.63e-05 Jy/beam
Mon 31-05-2021 12:28:53:: USERINFO: Value of background mean ................ : 4e-05 Jy/beam
Mon 31-05-2021 12:28:53:: USERINFO: --> Expected 5-sigma-clipped false detection rate < fdr_ratio
Mon 31-05-2021 12:28:53:: USERINFO: --> Using sigma-clipping ('hard') thresholding
Mon 31-05-2021 12:28:53:: USERINFO: Minimum number of pixels per island ..... : 6
Mon 31-05-2021 12:28:53:: USERINFO: Number of islands found ................. : 0
Mon 31-05-2021 12:28:54:: USERINFO: --> Grouping Gaussians into sources
Mon 31-05-2021 12:28:54:: USERINFO: Number of sources formed from Gaussians   : 0
Mon 31-05-2021 12:28:55:: INFO    : Calculating residual image after subtracting reconstructed gaussians
Mon 31-05-2021 12:28:55:: INFO    : Statistics of the Gaussian residual image:
                                            mean: 3.579e-05 (Jy/beam)
                                        std. dev: 2.633e-05 (Jy/beam)
                                            skew: -0.038
                                        kurtosis: 0.045
Mon 31-05-2021 12:28:55:: INFO    : Internally derived parameters:
                                        beam                 : (0.00182242198316289, 0.00134436783681671, 173.802529277529)
                                        bmpersrc_th          : 400.0
                                        frequency            : 1283895507.8125
                                        indir                : 'Epochs'
                                        minpix_isl           : 6
                                        rms_box              : (16, 2)
                                        rms_box_bright       : (16, 2)
                                        thresh               : 'hard'
                                        trim_box             : [3870, 3900, 4085, 4105]

========================================================================
Mon 31-05-2021 12:34:15:: INFO    : Processing Epochs/img_1537545949_sdp_l0.full_1284.full_pol_fg_wtspec_J1746-3213.ms_data-MFS-image.fits
Mon 31-05-2021 12:34:15:: INFO    : PyBDSF version 1.9.2
Mon 31-05-2021 12:34:15:: INFO    : Non-default input parameters:
                                        filename             = 'Epochs/img_1537545949_sdp_l0.full_1284.full_pol_fg_wtspec_J1746-3213.ms_data-MFS-image.fits'
                                        fix_to_beam          = True
                                        thresh_pix           = 3.0
                                        trim_box             = (3870.0, 3900.0, 4085.0, 4105.0)
Mon 31-05-2021 12:34:16:: USERINFO: --> Opened 'Epochs/img_1537545949_sdp_l0.full_1284.full_pol_fg_wtspec_J1746-3213.ms_data-MFS-image.fits'
Mon 31-05-2021 12:34:16:: INFO    : Original data shape of Epochs/img_1537545949_sdp_l0.full_1284.full_pol_fg_wtspec_J1746-3213.ms_data-MFS-image.fits: (1, 1, 8192, 8192)
Mon 31-05-2021 12:34:16:: INFO    : Final data shape (npol, nchan, x, y): (1, 1, 30, 20)
Mon 31-05-2021 12:34:16:: USERINFO: Image size .............................. : (30, 20) pixels
Mon 31-05-2021 12:34:16:: USERINFO: Number of channels ...................... : 1
Mon 31-05-2021 12:34:16:: USERINFO: Number of Stokes parameters ............. : 1
Mon 31-05-2021 12:34:16:: USERINFO: Beam shape (major, minor, pos angle) .... : (1.82242e-03, 1.34437e-03, 173.8) degrees
Mon 31-05-2021 12:34:16:: INFO    : Equinox of image is 2000.000000.
Mon 31-05-2021 12:34:16:: USERINFO: Frequency of image ...................... : 1283.896 MHz
Mon 31-05-2021 12:34:16:: USERINFO: Number of blank pixels .................. : 0 (0.0%)
Mon 31-05-2021 12:34:16:: INFO    : Raw mean (Stokes I) =  0.0358 mJy and raw rms =  0.0264 mJy 
Mon 31-05-2021 12:34:16:: INFO    : sigma clipped mean (Stokes I) =  0.0386 mJy and  sigma clipped rms =  0.0263 mJy 
Mon 31-05-2021 12:34:16:: USERINFO: Flux from sum of (non-blank) pixels ..... : 0.001 Jy
Mon 31-05-2021 12:34:16:: INFO    : No pixels in image > 5-sigma.
Mon 31-05-2021 12:34:16:: INFO    : Taking number of pixels above 5-sigma as 1.
Mon 31-05-2021 12:34:16:: INFO    : Estimated bmpersrc_th =  400.00
Mon 31-05-2021 12:34:16:: INFO    : Parameter confused is True
Mon 31-05-2021 12:34:16:: USERINFO: --> Calculating background rms and mean images
Mon 31-05-2021 12:34:16:: INFO    : Estimated size of brightest source (pixels) = 4
Mon 31-05-2021 12:34:16:: INFO    : Maximum extent of largest 10-sigma island using clipped rms (pixels) = 0.0
Mon 31-05-2021 12:34:16:: USERINFO: Derived rms_box (box size, step size) ... : (16, 2) pixels
Mon 31-05-2021 12:34:16:: USERINFO: --> Size of rms_box larger than 1/4 of image size
Mon 31-05-2021 12:34:16:: USERINFO: --> Using constant background rms and mean
Mon 31-05-2021 12:34:16:: USERINFO: Value of background rms ................. : 2.63e-05 Jy/beam
Mon 31-05-2021 12:34:16:: USERINFO: Value of background mean ................ : 4e-05 Jy/beam
Mon 31-05-2021 12:34:17:: USERINFO: --> Expected 5-sigma-clipped false detection rate < fdr_ratio
Mon 31-05-2021 12:34:17:: USERINFO: --> Using sigma-clipping ('hard') thresholding
Mon 31-05-2021 12:34:17:: USERINFO: Minimum number of pixels per island ..... : 6
Mon 31-05-2021 12:34:17:: USERINFO: Number of islands found ................. : 0
Mon 31-05-2021 12:34:17:: USERINFO: --> Grouping Gaussians into sources
Mon 31-05-2021 12:34:17:: USERINFO: Number of sources formed from Gaussians   : 0
Mon 31-05-2021 12:34:18:: INFO    : Calculating residual image after subtracting reconstructed gaussians
Mon 31-05-2021 12:34:18:: INFO    : Statistics of the Gaussian residual image:
                                            mean: 3.579e-05 (Jy/beam)
                                        std. dev: 2.633e-05 (Jy/beam)
                                            skew: -0.038
                                        kurtosis: 0.045
Mon 31-05-2021 12:34:18:: INFO    : Internally derived parameters:
                                        beam                 : (0.00182242198316289, 0.00134436783681671, 173.802529277529)
                                        bmpersrc_th          : 400.0
                                        frequency            : 1283895507.8125
                                        indir                : 'Epochs'
                                        minpix_isl           : 6
                                        rms_box              : (16, 2)
                                        rms_box_bright       : (16, 2)
                                        thresh               : 'hard'
                                        trim_box             : [3870, 3900, 4085, 4105]

========================================================================
Thu 17-06-2021 13:06:04:: INFO    : Processing Epochs/img_1537545949_sdp_l0.full_1284.full_pol_fg_wtspec_J1746-3213.ms_data-MFS-image.fits
Thu 17-06-2021 13:06:04:: INFO    : PyBDSF version 1.9.2
Thu 17-06-2021 13:06:04:: INFO    : Non-default input parameters:
                                        filename             = 'Epochs/img_1537545949_sdp_l0.full_1284.full_pol_fg_wtspec_J1746-3213.ms_data-MFS-image.fits'
                                        fix_to_beam          = True
                                        thresh_pix           = 3.0
                                        trim_box             = (3870.0, 3900.0, 4085.0, 4105.0)
Thu 17-06-2021 13:06:04:: USERINFO: --> Opened 'Epochs/img_1537545949_sdp_l0.full_1284.full_pol_fg_wtspec_J1746-3213.ms_data-MFS-image.fits'
Thu 17-06-2021 13:06:04:: INFO    : Original data shape of Epochs/img_1537545949_sdp_l0.full_1284.full_pol_fg_wtspec_J1746-3213.ms_data-MFS-image.fits: (1, 1, 8192, 8192)
Thu 17-06-2021 13:06:05:: INFO    : Final data shape (npol, nchan, x, y): (1, 1, 30, 20)
Thu 17-06-2021 13:06:05:: USERINFO: Image size .............................. : (30, 20) pixels
Thu 17-06-2021 13:06:05:: USERINFO: Number of channels ...................... : 1
Thu 17-06-2021 13:06:05:: USERINFO: Number of Stokes parameters ............. : 1
Thu 17-06-2021 13:06:05:: USERINFO: Beam shape (major, minor, pos angle) .... : (1.82242e-03, 1.34437e-03, 173.8) degrees
Thu 17-06-2021 13:06:05:: INFO    : Equinox of image is 2000.000000.
Thu 17-06-2021 13:06:05:: USERINFO: Frequency of image ...................... : 1283.896 MHz
Thu 17-06-2021 13:06:05:: USERINFO: Number of blank pixels .................. : 0 (0.0%)
Thu 17-06-2021 13:06:05:: INFO    : Raw mean (Stokes I) =  0.0358 mJy and raw rms =  0.0264 mJy 
Thu 17-06-2021 13:06:05:: INFO    : sigma clipped mean (Stokes I) =  0.0386 mJy and  sigma clipped rms =  0.0263 mJy 
Thu 17-06-2021 13:06:05:: USERINFO: Flux from sum of (non-blank) pixels ..... : 0.001 Jy
Thu 17-06-2021 13:06:05:: INFO    : No pixels in image > 5-sigma.
Thu 17-06-2021 13:06:05:: INFO    : Taking number of pixels above 5-sigma as 1.
Thu 17-06-2021 13:06:05:: INFO    : Estimated bmpersrc_th =  400.00
Thu 17-06-2021 13:06:05:: INFO    : Parameter confused is True
Thu 17-06-2021 13:06:05:: USERINFO: --> Calculating background rms and mean images
Thu 17-06-2021 13:06:05:: INFO    : Estimated size of brightest source (pixels) = 4
Thu 17-06-2021 13:06:05:: INFO    : Maximum extent of largest 10-sigma island using clipped rms (pixels) = 0.0
Thu 17-06-2021 13:06:05:: USERINFO: Derived rms_box (box size, step size) ... : (16, 2) pixels
Thu 17-06-2021 13:06:05:: USERINFO: --> Size of rms_box larger than 1/4 of image size
Thu 17-06-2021 13:06:05:: USERINFO: --> Using constant background rms and mean
Thu 17-06-2021 13:06:05:: USERINFO: Value of background rms ................. : 2.63e-05 Jy/beam
Thu 17-06-2021 13:06:05:: USERINFO: Value of background mean ................ : 4e-05 Jy/beam
Thu 17-06-2021 13:06:05:: USERINFO: --> Expected 5-sigma-clipped false detection rate < fdr_ratio
Thu 17-06-2021 13:06:05:: USERINFO: --> Using sigma-clipping ('hard') thresholding
Thu 17-06-2021 13:06:06:: USERINFO: Minimum number of pixels per island ..... : 6
Thu 17-06-2021 13:06:06:: USERINFO: Number of islands found ................. : 0
Thu 17-06-2021 13:06:06:: USERINFO: --> Grouping Gaussians into sources
Thu 17-06-2021 13:06:06:: USERINFO: Number of sources formed from Gaussians   : 0
Thu 17-06-2021 13:06:07:: INFO    : Calculating residual image after subtracting reconstructed gaussians
Thu 17-06-2021 13:06:07:: INFO    : Statistics of the Gaussian residual image:
                                            mean: 3.579e-05 (Jy/beam)
                                        std. dev: 2.633e-05 (Jy/beam)
                                            skew: -0.038
                                        kurtosis: 0.045
Thu 17-06-2021 13:06:07:: INFO    : Internally derived parameters:
                                        beam                 : (0.00182242198316289, 0.00134436783681671, 173.802529277529)
                                        bmpersrc_th          : 400.0
                                        frequency            : 1283895507.8125
                                        indir                : 'Epochs'
                                        minpix_isl           : 6
                                        rms_box              : (16, 2)
                                        rms_box_bright       : (16, 2)
                                        thresh               : 'hard'
                                        trim_box             : [3870, 3900, 4085, 4105]
