
========================================================================
Mon 31-05-2021 12:28:20:: INFO    : Processing Epochs/img_1538754149_sdp_l0.full_1284.full_pol_fg_wtspec_J1746-3213.ms_data-MFS-image.fits
Mon 31-05-2021 12:28:20:: INFO    : PyBDSF version 1.9.2
Mon 31-05-2021 12:28:20:: INFO    : Non-default input parameters:
                                        filename             = 'Epochs/img_1538754149_sdp_l0.full_1284.full_pol_fg_wtspec_J1746-3213.ms_data-MFS-image.fits'
                                        fix_to_beam          = True
                                        thresh_pix           = 3.0
                                        trim_box             = (3870.0, 3900.0, 4085.0, 4105.0)
Mon 31-05-2021 12:28:20:: USERINFO: --> Opened 'Epochs/img_1538754149_sdp_l0.full_1284.full_pol_fg_wtspec_J1746-3213.ms_data-MFS-image.fits'
Mon 31-05-2021 12:28:20:: INFO    : Original data shape of Epochs/img_1538754149_sdp_l0.full_1284.full_pol_fg_wtspec_J1746-3213.ms_data-MFS-image.fits: (1, 1, 25000, 25000)
Mon 31-05-2021 12:28:21:: INFO    : Final data shape (npol, nchan, x, y): (1, 1, 30, 20)
Mon 31-05-2021 12:28:21:: USERINFO: Image size .............................. : (30, 20) pixels
Mon 31-05-2021 12:28:21:: USERINFO: Number of channels ...................... : 1
Mon 31-05-2021 12:28:21:: USERINFO: Number of Stokes parameters ............. : 1
Mon 31-05-2021 12:28:21:: USERINFO: Beam shape (major, minor, pos angle) .... : (2.29358e-03, 1.58141e-03, 162.2) degrees
Mon 31-05-2021 12:28:21:: INFO    : Equinox of image is 2000.000000.
Mon 31-05-2021 12:28:21:: USERINFO: Frequency of image ...................... : 1283.896 MHz
Mon 31-05-2021 12:28:21:: USERINFO: Number of blank pixels .................. : 0 (0.0%)
Mon 31-05-2021 12:28:21:: INFO    : Raw mean (Stokes I) =  0.0022 mJy and raw rms =  0.0229 mJy 
Mon 31-05-2021 12:28:21:: INFO    : sigma clipped mean (Stokes I) =  0.0035 mJy and  sigma clipped rms =  0.0222 mJy 
Mon 31-05-2021 12:28:21:: USERINFO: Flux from sum of (non-blank) pixels ..... : 0.000 Jy
Mon 31-05-2021 12:28:21:: INFO    : No pixels in image > 5-sigma.
Mon 31-05-2021 12:28:21:: INFO    : Taking number of pixels above 5-sigma as 1.
Mon 31-05-2021 12:28:21:: INFO    : Estimated bmpersrc_th =  400.00
Mon 31-05-2021 12:28:21:: INFO    : Parameter confused is True
Mon 31-05-2021 12:28:21:: USERINFO: --> Calculating background rms and mean images
Mon 31-05-2021 12:28:21:: INFO    : Estimated size of brightest source (pixels) = 5
Mon 31-05-2021 12:28:21:: INFO    : Maximum extent of largest 10-sigma island using clipped rms (pixels) = 0.0
Mon 31-05-2021 12:28:21:: USERINFO: Derived rms_box (box size, step size) ... : (21, 2) pixels
Mon 31-05-2021 12:28:21:: USERINFO: --> Size of rms_box larger than 1/4 of image size
Mon 31-05-2021 12:28:21:: USERINFO: --> Using constant background rms and mean
Mon 31-05-2021 12:28:21:: USERINFO: Value of background rms ................. : 2.22e-05 Jy/beam
Mon 31-05-2021 12:28:21:: USERINFO: Value of background mean ................ : 0.0 Jy/beam
Mon 31-05-2021 12:28:22:: USERINFO: --> Expected 5-sigma-clipped false detection rate < fdr_ratio
Mon 31-05-2021 12:28:22:: USERINFO: --> Using sigma-clipping ('hard') thresholding
Mon 31-05-2021 12:28:22:: USERINFO: Minimum number of pixels per island ..... : 7
Mon 31-05-2021 12:28:22:: USERINFO: Number of islands found ................. : 0
Mon 31-05-2021 12:28:22:: USERINFO: --> Grouping Gaussians into sources
Mon 31-05-2021 12:28:22:: USERINFO: Number of sources formed from Gaussians   : 0
Mon 31-05-2021 12:28:23:: INFO    : Calculating residual image after subtracting reconstructed gaussians
Mon 31-05-2021 12:28:23:: INFO    : Statistics of the Gaussian residual image:
                                            mean: 2.205e-06 (Jy/beam)
                                        std. dev: 2.283e-05 (Jy/beam)
                                            skew: -0.310
                                        kurtosis: 0.190
Mon 31-05-2021 12:28:23:: INFO    : Internally derived parameters:
                                        beam                 : (0.00229357936536915, 0.00158141428656906, 162.23260349618)
                                        bmpersrc_th          : 400.0
                                        frequency            : 1283895507.8125
                                        indir                : 'Epochs'
                                        minpix_isl           : 7
                                        rms_box              : (21, 2)
                                        rms_box_bright       : (21, 2)
                                        thresh               : 'hard'
                                        trim_box             : [3870, 3900, 4085, 4105]

========================================================================
Mon 31-05-2021 12:28:58:: INFO    : Processing Epochs/img_1538754149_sdp_l0.full_1284.full_pol_fg_wtspec_J1746-3213.ms_data-MFS-image.fits
Mon 31-05-2021 12:28:58:: INFO    : PyBDSF version 1.9.2
Mon 31-05-2021 12:28:58:: INFO    : Non-default input parameters:
                                        filename             = 'Epochs/img_1538754149_sdp_l0.full_1284.full_pol_fg_wtspec_J1746-3213.ms_data-MFS-image.fits'
                                        fix_to_beam          = True
                                        thresh_pix           = 3.0
                                        trim_box             = (3870.0, 3900.0, 4085.0, 4105.0)
Mon 31-05-2021 12:28:58:: USERINFO: --> Opened 'Epochs/img_1538754149_sdp_l0.full_1284.full_pol_fg_wtspec_J1746-3213.ms_data-MFS-image.fits'
Mon 31-05-2021 12:28:58:: INFO    : Original data shape of Epochs/img_1538754149_sdp_l0.full_1284.full_pol_fg_wtspec_J1746-3213.ms_data-MFS-image.fits: (1, 1, 25000, 25000)
Mon 31-05-2021 12:28:59:: INFO    : Final data shape (npol, nchan, x, y): (1, 1, 30, 20)
Mon 31-05-2021 12:28:59:: USERINFO: Image size .............................. : (30, 20) pixels
Mon 31-05-2021 12:28:59:: USERINFO: Number of channels ...................... : 1
Mon 31-05-2021 12:28:59:: USERINFO: Number of Stokes parameters ............. : 1
Mon 31-05-2021 12:28:59:: USERINFO: Beam shape (major, minor, pos angle) .... : (2.29358e-03, 1.58141e-03, 162.2) degrees
Mon 31-05-2021 12:28:59:: INFO    : Equinox of image is 2000.000000.
Mon 31-05-2021 12:28:59:: USERINFO: Frequency of image ...................... : 1283.896 MHz
Mon 31-05-2021 12:28:59:: USERINFO: Number of blank pixels .................. : 0 (0.0%)
Mon 31-05-2021 12:28:59:: INFO    : Raw mean (Stokes I) =  0.0022 mJy and raw rms =  0.0229 mJy 
Mon 31-05-2021 12:28:59:: INFO    : sigma clipped mean (Stokes I) =  0.0035 mJy and  sigma clipped rms =  0.0222 mJy 
Mon 31-05-2021 12:28:59:: USERINFO: Flux from sum of (non-blank) pixels ..... : 0.000 Jy
Mon 31-05-2021 12:28:59:: INFO    : No pixels in image > 5-sigma.
Mon 31-05-2021 12:28:59:: INFO    : Taking number of pixels above 5-sigma as 1.
Mon 31-05-2021 12:28:59:: INFO    : Estimated bmpersrc_th =  400.00
Mon 31-05-2021 12:29:00:: INFO    : Parameter confused is True
Mon 31-05-2021 12:29:00:: USERINFO: --> Calculating background rms and mean images
Mon 31-05-2021 12:29:00:: INFO    : Estimated size of brightest source (pixels) = 5
Mon 31-05-2021 12:29:00:: INFO    : Maximum extent of largest 10-sigma island using clipped rms (pixels) = 0.0
Mon 31-05-2021 12:29:00:: USERINFO: Derived rms_box (box size, step size) ... : (21, 2) pixels
Mon 31-05-2021 12:29:00:: USERINFO: --> Size of rms_box larger than 1/4 of image size
Mon 31-05-2021 12:29:00:: USERINFO: --> Using constant background rms and mean
Mon 31-05-2021 12:29:00:: USERINFO: Value of background rms ................. : 2.22e-05 Jy/beam
Mon 31-05-2021 12:29:00:: USERINFO: Value of background mean ................ : 0.0 Jy/beam
Mon 31-05-2021 12:29:00:: USERINFO: --> Expected 5-sigma-clipped false detection rate < fdr_ratio
Mon 31-05-2021 12:29:00:: USERINFO: --> Using sigma-clipping ('hard') thresholding
Mon 31-05-2021 12:29:00:: USERINFO: Minimum number of pixels per island ..... : 7
Mon 31-05-2021 12:29:00:: USERINFO: Number of islands found ................. : 0
Mon 31-05-2021 12:29:01:: USERINFO: --> Grouping Gaussians into sources
Mon 31-05-2021 12:29:01:: USERINFO: Number of sources formed from Gaussians   : 0
Mon 31-05-2021 12:29:01:: INFO    : Calculating residual image after subtracting reconstructed gaussians
Mon 31-05-2021 12:29:01:: INFO    : Statistics of the Gaussian residual image:
                                            mean: 2.205e-06 (Jy/beam)
                                        std. dev: 2.283e-05 (Jy/beam)
                                            skew: -0.310
                                        kurtosis: 0.190
Mon 31-05-2021 12:29:02:: INFO    : Internally derived parameters:
                                        beam                 : (0.00229357936536915, 0.00158141428656906, 162.23260349618)
                                        bmpersrc_th          : 400.0
                                        frequency            : 1283895507.8125
                                        indir                : 'Epochs'
                                        minpix_isl           : 7
                                        rms_box              : (21, 2)
                                        rms_box_bright       : (21, 2)
                                        thresh               : 'hard'
                                        trim_box             : [3870, 3900, 4085, 4105]

========================================================================
Mon 31-05-2021 12:34:27:: INFO    : Processing Epochs/img_1538754149_sdp_l0.full_1284.full_pol_fg_wtspec_J1746-3213.ms_data-MFS-image.fits
Mon 31-05-2021 12:34:27:: INFO    : PyBDSF version 1.9.2
Mon 31-05-2021 12:34:27:: INFO    : Non-default input parameters:
                                        filename             = 'Epochs/img_1538754149_sdp_l0.full_1284.full_pol_fg_wtspec_J1746-3213.ms_data-MFS-image.fits'
                                        fix_to_beam          = True
                                        thresh_pix           = 3.0
                                        trim_box             = (3870.0, 3900.0, 4085.0, 4105.0)
Mon 31-05-2021 12:34:27:: USERINFO: --> Opened 'Epochs/img_1538754149_sdp_l0.full_1284.full_pol_fg_wtspec_J1746-3213.ms_data-MFS-image.fits'
Mon 31-05-2021 12:34:27:: INFO    : Original data shape of Epochs/img_1538754149_sdp_l0.full_1284.full_pol_fg_wtspec_J1746-3213.ms_data-MFS-image.fits: (1, 1, 25000, 25000)
Mon 31-05-2021 12:34:27:: INFO    : Final data shape (npol, nchan, x, y): (1, 1, 30, 20)
Mon 31-05-2021 12:34:27:: USERINFO: Image size .............................. : (30, 20) pixels
Mon 31-05-2021 12:34:27:: USERINFO: Number of channels ...................... : 1
Mon 31-05-2021 12:34:27:: USERINFO: Number of Stokes parameters ............. : 1
Mon 31-05-2021 12:34:27:: USERINFO: Beam shape (major, minor, pos angle) .... : (2.29358e-03, 1.58141e-03, 162.2) degrees
Mon 31-05-2021 12:34:27:: INFO    : Equinox of image is 2000.000000.
Mon 31-05-2021 12:34:27:: USERINFO: Frequency of image ...................... : 1283.896 MHz
Mon 31-05-2021 12:34:27:: USERINFO: Number of blank pixels .................. : 0 (0.0%)
Mon 31-05-2021 12:34:28:: INFO    : Raw mean (Stokes I) =  0.0022 mJy and raw rms =  0.0229 mJy 
Mon 31-05-2021 12:34:28:: INFO    : sigma clipped mean (Stokes I) =  0.0035 mJy and  sigma clipped rms =  0.0222 mJy 
Mon 31-05-2021 12:34:28:: USERINFO: Flux from sum of (non-blank) pixels ..... : 0.000 Jy
Mon 31-05-2021 12:34:28:: INFO    : No pixels in image > 5-sigma.
Mon 31-05-2021 12:34:28:: INFO    : Taking number of pixels above 5-sigma as 1.
Mon 31-05-2021 12:34:28:: INFO    : Estimated bmpersrc_th =  400.00
Mon 31-05-2021 12:34:28:: INFO    : Parameter confused is True
Mon 31-05-2021 12:34:28:: USERINFO: --> Calculating background rms and mean images
Mon 31-05-2021 12:34:28:: INFO    : Estimated size of brightest source (pixels) = 5
Mon 31-05-2021 12:34:28:: INFO    : Maximum extent of largest 10-sigma island using clipped rms (pixels) = 0.0
Mon 31-05-2021 12:34:28:: USERINFO: Derived rms_box (box size, step size) ... : (21, 2) pixels
Mon 31-05-2021 12:34:28:: USERINFO: --> Size of rms_box larger than 1/4 of image size
Mon 31-05-2021 12:34:28:: USERINFO: --> Using constant background rms and mean
Mon 31-05-2021 12:34:28:: USERINFO: Value of background rms ................. : 2.22e-05 Jy/beam
Mon 31-05-2021 12:34:28:: USERINFO: Value of background mean ................ : 0.0 Jy/beam
Mon 31-05-2021 12:34:28:: USERINFO: --> Expected 5-sigma-clipped false detection rate < fdr_ratio
Mon 31-05-2021 12:34:28:: USERINFO: --> Using sigma-clipping ('hard') thresholding
Mon 31-05-2021 12:34:28:: USERINFO: Minimum number of pixels per island ..... : 7
Mon 31-05-2021 12:34:28:: USERINFO: Number of islands found ................. : 0
Mon 31-05-2021 12:34:29:: USERINFO: --> Grouping Gaussians into sources
Mon 31-05-2021 12:34:29:: USERINFO: Number of sources formed from Gaussians   : 0
Mon 31-05-2021 12:34:29:: INFO    : Calculating residual image after subtracting reconstructed gaussians
Mon 31-05-2021 12:34:29:: INFO    : Statistics of the Gaussian residual image:
                                            mean: 2.205e-06 (Jy/beam)
                                        std. dev: 2.283e-05 (Jy/beam)
                                            skew: -0.310
                                        kurtosis: 0.190
Mon 31-05-2021 12:34:30:: INFO    : Internally derived parameters:
                                        beam                 : (0.00229357936536915, 0.00158141428656906, 162.23260349618)
                                        bmpersrc_th          : 400.0
                                        frequency            : 1283895507.8125
                                        indir                : 'Epochs'
                                        minpix_isl           : 7
                                        rms_box              : (21, 2)
                                        rms_box_bright       : (21, 2)
                                        thresh               : 'hard'
                                        trim_box             : [3870, 3900, 4085, 4105]

========================================================================
Thu 17-06-2021 13:06:13:: INFO    : Processing Epochs/img_1538754149_sdp_l0.full_1284.full_pol_fg_wtspec_J1746-3213.ms_data-MFS-image.fits
Thu 17-06-2021 13:06:13:: INFO    : PyBDSF version 1.9.2
Thu 17-06-2021 13:06:13:: INFO    : Non-default input parameters:
                                        filename             = 'Epochs/img_1538754149_sdp_l0.full_1284.full_pol_fg_wtspec_J1746-3213.ms_data-MFS-image.fits'
                                        fix_to_beam          = True
                                        thresh_pix           = 3.0
                                        trim_box             = (3870.0, 3900.0, 4085.0, 4105.0)
Thu 17-06-2021 13:06:13:: USERINFO: --> Opened 'Epochs/img_1538754149_sdp_l0.full_1284.full_pol_fg_wtspec_J1746-3213.ms_data-MFS-image.fits'
Thu 17-06-2021 13:06:13:: INFO    : Original data shape of Epochs/img_1538754149_sdp_l0.full_1284.full_pol_fg_wtspec_J1746-3213.ms_data-MFS-image.fits: (1, 1, 25000, 25000)
Thu 17-06-2021 13:06:14:: INFO    : Final data shape (npol, nchan, x, y): (1, 1, 30, 20)
Thu 17-06-2021 13:06:14:: USERINFO: Image size .............................. : (30, 20) pixels
Thu 17-06-2021 13:06:14:: USERINFO: Number of channels ...................... : 1
Thu 17-06-2021 13:06:14:: USERINFO: Number of Stokes parameters ............. : 1
Thu 17-06-2021 13:06:14:: USERINFO: Beam shape (major, minor, pos angle) .... : (2.29358e-03, 1.58141e-03, 162.2) degrees
Thu 17-06-2021 13:06:14:: INFO    : Equinox of image is 2000.000000.
Thu 17-06-2021 13:06:14:: USERINFO: Frequency of image ...................... : 1283.896 MHz
Thu 17-06-2021 13:06:14:: USERINFO: Number of blank pixels .................. : 0 (0.0%)
Thu 17-06-2021 13:06:14:: INFO    : Raw mean (Stokes I) =  0.0022 mJy and raw rms =  0.0229 mJy 
Thu 17-06-2021 13:06:14:: INFO    : sigma clipped mean (Stokes I) =  0.0035 mJy and  sigma clipped rms =  0.0222 mJy 
Thu 17-06-2021 13:06:14:: USERINFO: Flux from sum of (non-blank) pixels ..... : 0.000 Jy
Thu 17-06-2021 13:06:14:: INFO    : No pixels in image > 5-sigma.
Thu 17-06-2021 13:06:14:: INFO    : Taking number of pixels above 5-sigma as 1.
Thu 17-06-2021 13:06:14:: INFO    : Estimated bmpersrc_th =  400.00
Thu 17-06-2021 13:06:14:: INFO    : Parameter confused is True
Thu 17-06-2021 13:06:14:: USERINFO: --> Calculating background rms and mean images
Thu 17-06-2021 13:06:14:: INFO    : Estimated size of brightest source (pixels) = 5
Thu 17-06-2021 13:06:14:: INFO    : Maximum extent of largest 10-sigma island using clipped rms (pixels) = 0.0
Thu 17-06-2021 13:06:14:: USERINFO: Derived rms_box (box size, step size) ... : (21, 2) pixels
Thu 17-06-2021 13:06:14:: USERINFO: --> Size of rms_box larger than 1/4 of image size
Thu 17-06-2021 13:06:14:: USERINFO: --> Using constant background rms and mean
Thu 17-06-2021 13:06:14:: USERINFO: Value of background rms ................. : 2.22e-05 Jy/beam
Thu 17-06-2021 13:06:14:: USERINFO: Value of background mean ................ : 0.0 Jy/beam
Thu 17-06-2021 13:06:15:: USERINFO: --> Expected 5-sigma-clipped false detection rate < fdr_ratio
Thu 17-06-2021 13:06:15:: USERINFO: --> Using sigma-clipping ('hard') thresholding
Thu 17-06-2021 13:06:15:: USERINFO: Minimum number of pixels per island ..... : 7
Thu 17-06-2021 13:06:15:: USERINFO: Number of islands found ................. : 0
Thu 17-06-2021 13:06:16:: USERINFO: --> Grouping Gaussians into sources
Thu 17-06-2021 13:06:16:: USERINFO: Number of sources formed from Gaussians   : 0
Thu 17-06-2021 13:06:16:: INFO    : Calculating residual image after subtracting reconstructed gaussians
Thu 17-06-2021 13:06:16:: INFO    : Statistics of the Gaussian residual image:
                                            mean: 2.205e-06 (Jy/beam)
                                        std. dev: 2.283e-05 (Jy/beam)
                                            skew: -0.310
                                        kurtosis: 0.190
Thu 17-06-2021 13:06:17:: INFO    : Internally derived parameters:
                                        beam                 : (0.00229357936536915, 0.00158141428656906, 162.23260349618)
                                        bmpersrc_th          : 400.0
                                        frequency            : 1283895507.8125
                                        indir                : 'Epochs'
                                        minpix_isl           : 7
                                        rms_box              : (21, 2)
                                        rms_box_bright       : (21, 2)
                                        thresh               : 'hard'
                                        trim_box             : [3870, 3900, 4085, 4105]
