
========================================================================
Mon 31-05-2021 12:28:17:: INFO    : Processing Epochs/img_1538154030_sdp_l0.full_1284.full_pol_fg_wtspec_J1746-3213.ms_data-MFS-image.fits
Mon 31-05-2021 12:28:17:: INFO    : PyBDSF version 1.9.2
Mon 31-05-2021 12:28:17:: INFO    : Non-default input parameters:
                                        filename             = 'Epochs/img_1538154030_sdp_l0.full_1284.full_pol_fg_wtspec_J1746-3213.ms_data-MFS-image.fits'
                                        fix_to_beam          = True
                                        thresh_pix           = 3.0
                                        trim_box             = (3870.0, 3900.0, 4085.0, 4105.0)
Mon 31-05-2021 12:28:17:: USERINFO: --> Opened 'Epochs/img_1538154030_sdp_l0.full_1284.full_pol_fg_wtspec_J1746-3213.ms_data-MFS-image.fits'
Mon 31-05-2021 12:28:17:: INFO    : Original data shape of Epochs/img_1538154030_sdp_l0.full_1284.full_pol_fg_wtspec_J1746-3213.ms_data-MFS-image.fits: (1, 1, 8192, 8192)
Mon 31-05-2021 12:28:18:: INFO    : Final data shape (npol, nchan, x, y): (1, 1, 30, 20)
Mon 31-05-2021 12:28:18:: USERINFO: Image size .............................. : (30, 20) pixels
Mon 31-05-2021 12:28:18:: USERINFO: Number of channels ...................... : 1
Mon 31-05-2021 12:28:18:: USERINFO: Number of Stokes parameters ............. : 1
Mon 31-05-2021 12:28:18:: USERINFO: Beam shape (major, minor, pos angle) .... : (1.86887e-03, 1.54358e-03, 163.8) degrees
Mon 31-05-2021 12:28:18:: INFO    : Equinox of image is 2000.000000.
Mon 31-05-2021 12:28:18:: USERINFO: Frequency of image ...................... : 1283.896 MHz
Mon 31-05-2021 12:28:18:: USERINFO: Number of blank pixels .................. : 0 (0.0%)
Mon 31-05-2021 12:28:18:: INFO    : Raw mean (Stokes I) =  0.0108 mJy and raw rms =  0.0248 mJy 
Mon 31-05-2021 12:28:18:: INFO    : sigma clipped mean (Stokes I) =  0.0107 mJy and  sigma clipped rms =  0.0248 mJy 
Mon 31-05-2021 12:28:18:: USERINFO: Flux from sum of (non-blank) pixels ..... : 0.000 Jy
Mon 31-05-2021 12:28:18:: INFO    : No pixels in image > 5-sigma.
Mon 31-05-2021 12:28:18:: INFO    : Taking number of pixels above 5-sigma as 1.
Mon 31-05-2021 12:28:18:: INFO    : Estimated bmpersrc_th =  400.00
Mon 31-05-2021 12:28:18:: INFO    : Parameter confused is True
Mon 31-05-2021 12:28:19:: USERINFO: --> Calculating background rms and mean images
Mon 31-05-2021 12:28:19:: INFO    : Estimated size of brightest source (pixels) = 4
Mon 31-05-2021 12:28:19:: INFO    : Maximum extent of largest 10-sigma island using clipped rms (pixels) = 0.0
Mon 31-05-2021 12:28:19:: USERINFO: Derived rms_box (box size, step size) ... : (17, 2) pixels
Mon 31-05-2021 12:28:19:: USERINFO: --> Size of rms_box larger than 1/4 of image size
Mon 31-05-2021 12:28:19:: USERINFO: --> Using constant background rms and mean
Mon 31-05-2021 12:28:19:: USERINFO: Value of background rms ................. : 2.48e-05 Jy/beam
Mon 31-05-2021 12:28:19:: USERINFO: Value of background mean ................ : 1e-05 Jy/beam
Mon 31-05-2021 12:28:19:: USERINFO: --> Expected 5-sigma-clipped false detection rate < fdr_ratio
Mon 31-05-2021 12:28:19:: USERINFO: --> Using sigma-clipping ('hard') thresholding
Mon 31-05-2021 12:28:19:: USERINFO: Minimum number of pixels per island ..... : 6
Mon 31-05-2021 12:28:19:: USERINFO: Number of islands found ................. : 0
Mon 31-05-2021 12:28:19:: USERINFO: --> Grouping Gaussians into sources
Mon 31-05-2021 12:28:19:: USERINFO: Number of sources formed from Gaussians   : 0
Mon 31-05-2021 12:28:20:: INFO    : Calculating residual image after subtracting reconstructed gaussians
Mon 31-05-2021 12:28:20:: INFO    : Statistics of the Gaussian residual image:
                                            mean: 1.085e-05 (Jy/beam)
                                        std. dev: 2.480e-05 (Jy/beam)
                                            skew: 0.042
                                        kurtosis: 0.143
Mon 31-05-2021 12:28:20:: INFO    : Internally derived parameters:
                                        beam                 : (0.00186887477089426, 0.00154357722558743, 163.849515659872)
                                        bmpersrc_th          : 400.0
                                        frequency            : 1283895507.8125
                                        indir                : 'Epochs'
                                        minpix_isl           : 6
                                        rms_box              : (17, 2)
                                        rms_box_bright       : (17, 2)
                                        thresh               : 'hard'
                                        trim_box             : [3870, 3900, 4085, 4105]

========================================================================
Mon 31-05-2021 12:28:55:: INFO    : Processing Epochs/img_1538154030_sdp_l0.full_1284.full_pol_fg_wtspec_J1746-3213.ms_data-MFS-image.fits
Mon 31-05-2021 12:28:55:: INFO    : PyBDSF version 1.9.2
Mon 31-05-2021 12:28:55:: INFO    : Non-default input parameters:
                                        filename             = 'Epochs/img_1538154030_sdp_l0.full_1284.full_pol_fg_wtspec_J1746-3213.ms_data-MFS-image.fits'
                                        fix_to_beam          = True
                                        thresh_pix           = 3.0
                                        trim_box             = (3870.0, 3900.0, 4085.0, 4105.0)
Mon 31-05-2021 12:28:55:: USERINFO: --> Opened 'Epochs/img_1538154030_sdp_l0.full_1284.full_pol_fg_wtspec_J1746-3213.ms_data-MFS-image.fits'
Mon 31-05-2021 12:28:55:: INFO    : Original data shape of Epochs/img_1538154030_sdp_l0.full_1284.full_pol_fg_wtspec_J1746-3213.ms_data-MFS-image.fits: (1, 1, 8192, 8192)
Mon 31-05-2021 12:28:56:: INFO    : Final data shape (npol, nchan, x, y): (1, 1, 30, 20)
Mon 31-05-2021 12:28:56:: USERINFO: Image size .............................. : (30, 20) pixels
Mon 31-05-2021 12:28:56:: USERINFO: Number of channels ...................... : 1
Mon 31-05-2021 12:28:56:: USERINFO: Number of Stokes parameters ............. : 1
Mon 31-05-2021 12:28:56:: USERINFO: Beam shape (major, minor, pos angle) .... : (1.86887e-03, 1.54358e-03, 163.8) degrees
Mon 31-05-2021 12:28:56:: INFO    : Equinox of image is 2000.000000.
Mon 31-05-2021 12:28:56:: USERINFO: Frequency of image ...................... : 1283.896 MHz
Mon 31-05-2021 12:28:56:: USERINFO: Number of blank pixels .................. : 0 (0.0%)
Mon 31-05-2021 12:28:56:: INFO    : Raw mean (Stokes I) =  0.0108 mJy and raw rms =  0.0248 mJy 
Mon 31-05-2021 12:28:56:: INFO    : sigma clipped mean (Stokes I) =  0.0107 mJy and  sigma clipped rms =  0.0248 mJy 
Mon 31-05-2021 12:28:56:: USERINFO: Flux from sum of (non-blank) pixels ..... : 0.000 Jy
Mon 31-05-2021 12:28:56:: INFO    : No pixels in image > 5-sigma.
Mon 31-05-2021 12:28:56:: INFO    : Taking number of pixels above 5-sigma as 1.
Mon 31-05-2021 12:28:56:: INFO    : Estimated bmpersrc_th =  400.00
Mon 31-05-2021 12:28:56:: INFO    : Parameter confused is True
Mon 31-05-2021 12:28:56:: USERINFO: --> Calculating background rms and mean images
Mon 31-05-2021 12:28:56:: INFO    : Estimated size of brightest source (pixels) = 4
Mon 31-05-2021 12:28:56:: INFO    : Maximum extent of largest 10-sigma island using clipped rms (pixels) = 0.0
Mon 31-05-2021 12:28:56:: USERINFO: Derived rms_box (box size, step size) ... : (17, 2) pixels
Mon 31-05-2021 12:28:56:: USERINFO: --> Size of rms_box larger than 1/4 of image size
Mon 31-05-2021 12:28:56:: USERINFO: --> Using constant background rms and mean
Mon 31-05-2021 12:28:56:: USERINFO: Value of background rms ................. : 2.48e-05 Jy/beam
Mon 31-05-2021 12:28:56:: USERINFO: Value of background mean ................ : 1e-05 Jy/beam
Mon 31-05-2021 12:28:56:: USERINFO: --> Expected 5-sigma-clipped false detection rate < fdr_ratio
Mon 31-05-2021 12:28:56:: USERINFO: --> Using sigma-clipping ('hard') thresholding
Mon 31-05-2021 12:28:57:: USERINFO: Minimum number of pixels per island ..... : 6
Mon 31-05-2021 12:28:57:: USERINFO: Number of islands found ................. : 0
Mon 31-05-2021 12:28:57:: USERINFO: --> Grouping Gaussians into sources
Mon 31-05-2021 12:28:57:: USERINFO: Number of sources formed from Gaussians   : 0
Mon 31-05-2021 12:28:58:: INFO    : Calculating residual image after subtracting reconstructed gaussians
Mon 31-05-2021 12:28:58:: INFO    : Statistics of the Gaussian residual image:
                                            mean: 1.085e-05 (Jy/beam)
                                        std. dev: 2.480e-05 (Jy/beam)
                                            skew: 0.042
                                        kurtosis: 0.143
Mon 31-05-2021 12:28:58:: INFO    : Internally derived parameters:
                                        beam                 : (0.00186887477089426, 0.00154357722558743, 163.849515659872)
                                        bmpersrc_th          : 400.0
                                        frequency            : 1283895507.8125
                                        indir                : 'Epochs'
                                        minpix_isl           : 6
                                        rms_box              : (17, 2)
                                        rms_box_bright       : (17, 2)
                                        thresh               : 'hard'
                                        trim_box             : [3870, 3900, 4085, 4105]

========================================================================
Mon 31-05-2021 12:34:21:: INFO    : Processing Epochs/img_1538154030_sdp_l0.full_1284.full_pol_fg_wtspec_J1746-3213.ms_data-MFS-image.fits
Mon 31-05-2021 12:34:21:: INFO    : PyBDSF version 1.9.2
Mon 31-05-2021 12:34:21:: INFO    : Non-default input parameters:
                                        filename             = 'Epochs/img_1538154030_sdp_l0.full_1284.full_pol_fg_wtspec_J1746-3213.ms_data-MFS-image.fits'
                                        fix_to_beam          = True
                                        thresh_pix           = 3.0
                                        trim_box             = (3870.0, 3900.0, 4085.0, 4105.0)
Mon 31-05-2021 12:34:21:: USERINFO: --> Opened 'Epochs/img_1538154030_sdp_l0.full_1284.full_pol_fg_wtspec_J1746-3213.ms_data-MFS-image.fits'
Mon 31-05-2021 12:34:21:: INFO    : Original data shape of Epochs/img_1538154030_sdp_l0.full_1284.full_pol_fg_wtspec_J1746-3213.ms_data-MFS-image.fits: (1, 1, 8192, 8192)
Mon 31-05-2021 12:34:22:: INFO    : Final data shape (npol, nchan, x, y): (1, 1, 30, 20)
Mon 31-05-2021 12:34:22:: USERINFO: Image size .............................. : (30, 20) pixels
Mon 31-05-2021 12:34:22:: USERINFO: Number of channels ...................... : 1
Mon 31-05-2021 12:34:22:: USERINFO: Number of Stokes parameters ............. : 1
Mon 31-05-2021 12:34:22:: USERINFO: Beam shape (major, minor, pos angle) .... : (1.86887e-03, 1.54358e-03, 163.8) degrees
Mon 31-05-2021 12:34:22:: INFO    : Equinox of image is 2000.000000.
Mon 31-05-2021 12:34:22:: USERINFO: Frequency of image ...................... : 1283.896 MHz
Mon 31-05-2021 12:34:22:: USERINFO: Number of blank pixels .................. : 0 (0.0%)
Mon 31-05-2021 12:34:22:: INFO    : Raw mean (Stokes I) =  0.0108 mJy and raw rms =  0.0248 mJy 
Mon 31-05-2021 12:34:22:: INFO    : sigma clipped mean (Stokes I) =  0.0107 mJy and  sigma clipped rms =  0.0248 mJy 
Mon 31-05-2021 12:34:22:: USERINFO: Flux from sum of (non-blank) pixels ..... : 0.000 Jy
Mon 31-05-2021 12:34:22:: INFO    : No pixels in image > 5-sigma.
Mon 31-05-2021 12:34:22:: INFO    : Taking number of pixels above 5-sigma as 1.
Mon 31-05-2021 12:34:22:: INFO    : Estimated bmpersrc_th =  400.00
Mon 31-05-2021 12:34:22:: INFO    : Parameter confused is True
Mon 31-05-2021 12:34:22:: USERINFO: --> Calculating background rms and mean images
Mon 31-05-2021 12:34:22:: INFO    : Estimated size of brightest source (pixels) = 4
Mon 31-05-2021 12:34:22:: INFO    : Maximum extent of largest 10-sigma island using clipped rms (pixels) = 0.0
Mon 31-05-2021 12:34:22:: USERINFO: Derived rms_box (box size, step size) ... : (17, 2) pixels
Mon 31-05-2021 12:34:22:: USERINFO: --> Size of rms_box larger than 1/4 of image size
Mon 31-05-2021 12:34:22:: USERINFO: --> Using constant background rms and mean
Mon 31-05-2021 12:34:22:: USERINFO: Value of background rms ................. : 2.48e-05 Jy/beam
Mon 31-05-2021 12:34:22:: USERINFO: Value of background mean ................ : 1e-05 Jy/beam
Mon 31-05-2021 12:34:22:: USERINFO: --> Expected 5-sigma-clipped false detection rate < fdr_ratio
Mon 31-05-2021 12:34:22:: USERINFO: --> Using sigma-clipping ('hard') thresholding
Mon 31-05-2021 12:34:23:: USERINFO: Minimum number of pixels per island ..... : 6
Mon 31-05-2021 12:34:23:: USERINFO: Number of islands found ................. : 0
Mon 31-05-2021 12:34:24:: USERINFO: --> Grouping Gaussians into sources
Mon 31-05-2021 12:34:24:: USERINFO: Number of sources formed from Gaussians   : 0
Mon 31-05-2021 12:34:24:: INFO    : Calculating residual image after subtracting reconstructed gaussians
Mon 31-05-2021 12:34:24:: INFO    : Statistics of the Gaussian residual image:
                                            mean: 1.085e-05 (Jy/beam)
                                        std. dev: 2.480e-05 (Jy/beam)
                                            skew: 0.042
                                        kurtosis: 0.143
Mon 31-05-2021 12:34:25:: INFO    : Internally derived parameters:
                                        beam                 : (0.00186887477089426, 0.00154357722558743, 163.849515659872)
                                        bmpersrc_th          : 400.0
                                        frequency            : 1283895507.8125
                                        indir                : 'Epochs'
                                        minpix_isl           : 6
                                        rms_box              : (17, 2)
                                        rms_box_bright       : (17, 2)
                                        thresh               : 'hard'
                                        trim_box             : [3870, 3900, 4085, 4105]

========================================================================
Thu 17-06-2021 13:06:09:: INFO    : Processing Epochs/img_1538154030_sdp_l0.full_1284.full_pol_fg_wtspec_J1746-3213.ms_data-MFS-image.fits
Thu 17-06-2021 13:06:09:: INFO    : PyBDSF version 1.9.2
Thu 17-06-2021 13:06:09:: INFO    : Non-default input parameters:
                                        filename             = 'Epochs/img_1538154030_sdp_l0.full_1284.full_pol_fg_wtspec_J1746-3213.ms_data-MFS-image.fits'
                                        fix_to_beam          = True
                                        thresh_pix           = 3.0
                                        trim_box             = (3870.0, 3900.0, 4085.0, 4105.0)
Thu 17-06-2021 13:06:09:: USERINFO: --> Opened 'Epochs/img_1538154030_sdp_l0.full_1284.full_pol_fg_wtspec_J1746-3213.ms_data-MFS-image.fits'
Thu 17-06-2021 13:06:09:: INFO    : Original data shape of Epochs/img_1538154030_sdp_l0.full_1284.full_pol_fg_wtspec_J1746-3213.ms_data-MFS-image.fits: (1, 1, 8192, 8192)
Thu 17-06-2021 13:06:09:: INFO    : Final data shape (npol, nchan, x, y): (1, 1, 30, 20)
Thu 17-06-2021 13:06:09:: USERINFO: Image size .............................. : (30, 20) pixels
Thu 17-06-2021 13:06:09:: USERINFO: Number of channels ...................... : 1
Thu 17-06-2021 13:06:09:: USERINFO: Number of Stokes parameters ............. : 1
Thu 17-06-2021 13:06:09:: USERINFO: Beam shape (major, minor, pos angle) .... : (1.86887e-03, 1.54358e-03, 163.8) degrees
Thu 17-06-2021 13:06:09:: INFO    : Equinox of image is 2000.000000.
Thu 17-06-2021 13:06:09:: USERINFO: Frequency of image ...................... : 1283.896 MHz
Thu 17-06-2021 13:06:09:: USERINFO: Number of blank pixels .................. : 0 (0.0%)
Thu 17-06-2021 13:06:09:: INFO    : Raw mean (Stokes I) =  0.0108 mJy and raw rms =  0.0248 mJy 
Thu 17-06-2021 13:06:09:: INFO    : sigma clipped mean (Stokes I) =  0.0107 mJy and  sigma clipped rms =  0.0248 mJy 
Thu 17-06-2021 13:06:09:: USERINFO: Flux from sum of (non-blank) pixels ..... : 0.000 Jy
Thu 17-06-2021 13:06:09:: INFO    : No pixels in image > 5-sigma.
Thu 17-06-2021 13:06:09:: INFO    : Taking number of pixels above 5-sigma as 1.
Thu 17-06-2021 13:06:09:: INFO    : Estimated bmpersrc_th =  400.00
Thu 17-06-2021 13:06:09:: INFO    : Parameter confused is True
Thu 17-06-2021 13:06:10:: USERINFO: --> Calculating background rms and mean images
Thu 17-06-2021 13:06:10:: INFO    : Estimated size of brightest source (pixels) = 4
Thu 17-06-2021 13:06:10:: INFO    : Maximum extent of largest 10-sigma island using clipped rms (pixels) = 0.0
Thu 17-06-2021 13:06:10:: USERINFO: Derived rms_box (box size, step size) ... : (17, 2) pixels
Thu 17-06-2021 13:06:10:: USERINFO: --> Size of rms_box larger than 1/4 of image size
Thu 17-06-2021 13:06:10:: USERINFO: --> Using constant background rms and mean
Thu 17-06-2021 13:06:10:: USERINFO: Value of background rms ................. : 2.48e-05 Jy/beam
Thu 17-06-2021 13:06:10:: USERINFO: Value of background mean ................ : 1e-05 Jy/beam
Thu 17-06-2021 13:06:10:: USERINFO: --> Expected 5-sigma-clipped false detection rate < fdr_ratio
Thu 17-06-2021 13:06:10:: USERINFO: --> Using sigma-clipping ('hard') thresholding
Thu 17-06-2021 13:06:10:: USERINFO: Minimum number of pixels per island ..... : 6
Thu 17-06-2021 13:06:10:: USERINFO: Number of islands found ................. : 0
Thu 17-06-2021 13:06:10:: USERINFO: --> Grouping Gaussians into sources
Thu 17-06-2021 13:06:10:: USERINFO: Number of sources formed from Gaussians   : 0
Thu 17-06-2021 13:06:11:: INFO    : Calculating residual image after subtracting reconstructed gaussians
Thu 17-06-2021 13:06:11:: INFO    : Statistics of the Gaussian residual image:
                                            mean: 1.085e-05 (Jy/beam)
                                        std. dev: 2.480e-05 (Jy/beam)
                                            skew: 0.042
                                        kurtosis: 0.143
Thu 17-06-2021 13:06:12:: INFO    : Internally derived parameters:
                                        beam                 : (0.00186887477089426, 0.00154357722558743, 163.849515659872)
                                        bmpersrc_th          : 400.0
                                        frequency            : 1283895507.8125
                                        indir                : 'Epochs'
                                        minpix_isl           : 6
                                        rms_box              : (17, 2)
                                        rms_box_bright       : (17, 2)
                                        thresh               : 'hard'
                                        trim_box             : [3870, 3900, 4085, 4105]
