
========================================================================
Mon 31-05-2021 12:28:30:: INFO    : Processing Epochs/img_1540640133_sdp_l0.full_1284.full_pol_fg_wtspec_J1746-3213.ms_data-MFS-image.fits
Mon 31-05-2021 12:28:30:: INFO    : PyBDSF version 1.9.2
Mon 31-05-2021 12:28:30:: INFO    : Non-default input parameters:
                                        filename             = 'Epochs/img_1540640133_sdp_l0.full_1284.full_pol_fg_wtspec_J1746-3213.ms_data-MFS-image.fits'
                                        fix_to_beam          = True
                                        thresh_pix           = 3.0
                                        trim_box             = (3870.0, 3900.0, 4085.0, 4105.0)
Mon 31-05-2021 12:28:30:: USERINFO: --> Opened 'Epochs/img_1540640133_sdp_l0.full_1284.full_pol_fg_wtspec_J1746-3213.ms_data-MFS-image.fits'
Mon 31-05-2021 12:28:30:: INFO    : Original data shape of Epochs/img_1540640133_sdp_l0.full_1284.full_pol_fg_wtspec_J1746-3213.ms_data-MFS-image.fits: (1, 1, 8192, 8192)
Mon 31-05-2021 12:28:30:: INFO    : Final data shape (npol, nchan, x, y): (1, 1, 30, 20)
Mon 31-05-2021 12:28:30:: USERINFO: Image size .............................. : (30, 20) pixels
Mon 31-05-2021 12:28:30:: USERINFO: Number of channels ...................... : 1
Mon 31-05-2021 12:28:30:: USERINFO: Number of Stokes parameters ............. : 1
Mon 31-05-2021 12:28:30:: USERINFO: Beam shape (major, minor, pos angle) .... : (1.89647e-03, 1.48287e-03, 143.4) degrees
Mon 31-05-2021 12:28:30:: INFO    : Equinox of image is 2000.000000.
Mon 31-05-2021 12:28:31:: USERINFO: Frequency of image ...................... : 1283.896 MHz
Mon 31-05-2021 12:28:31:: USERINFO: Number of blank pixels .................. : 0 (0.0%)
Mon 31-05-2021 12:28:31:: INFO    : Raw mean (Stokes I) =  0.0094 mJy and raw rms =  0.0281 mJy 
Mon 31-05-2021 12:28:31:: INFO    : sigma clipped mean (Stokes I) =  0.0112 mJy and  sigma clipped rms =  0.0284 mJy 
Mon 31-05-2021 12:28:31:: USERINFO: Flux from sum of (non-blank) pixels ..... : 0.000 Jy
Mon 31-05-2021 12:28:31:: INFO    : No pixels in image > 5-sigma.
Mon 31-05-2021 12:28:31:: INFO    : Taking number of pixels above 5-sigma as 1.
Mon 31-05-2021 12:28:31:: INFO    : Estimated bmpersrc_th =  400.00
Mon 31-05-2021 12:28:31:: INFO    : Parameter confused is True
Mon 31-05-2021 12:28:31:: USERINFO: --> Calculating background rms and mean images
Mon 31-05-2021 12:28:31:: INFO    : Estimated size of brightest source (pixels) = 4
Mon 31-05-2021 12:28:31:: INFO    : Maximum extent of largest 10-sigma island using clipped rms (pixels) = 0.0
Mon 31-05-2021 12:28:31:: USERINFO: Derived rms_box (box size, step size) ... : (17, 2) pixels
Mon 31-05-2021 12:28:31:: USERINFO: --> Size of rms_box larger than 1/4 of image size
Mon 31-05-2021 12:28:31:: USERINFO: --> Using constant background rms and mean
Mon 31-05-2021 12:28:31:: USERINFO: Value of background rms ................. : 2.84e-05 Jy/beam
Mon 31-05-2021 12:28:31:: USERINFO: Value of background mean ................ : 1e-05 Jy/beam
Mon 31-05-2021 12:28:31:: USERINFO: --> Expected 5-sigma-clipped false detection rate < fdr_ratio
Mon 31-05-2021 12:28:31:: USERINFO: --> Using sigma-clipping ('hard') thresholding
Mon 31-05-2021 12:28:31:: USERINFO: Minimum number of pixels per island ..... : 6
Mon 31-05-2021 12:28:31:: USERINFO: Number of islands found ................. : 0
Mon 31-05-2021 12:28:32:: USERINFO: --> Grouping Gaussians into sources
Mon 31-05-2021 12:28:32:: USERINFO: Number of sources formed from Gaussians   : 0
Mon 31-05-2021 12:28:32:: INFO    : Calculating residual image after subtracting reconstructed gaussians
Mon 31-05-2021 12:28:32:: INFO    : Statistics of the Gaussian residual image:
                                            mean: 9.353e-06 (Jy/beam)
                                        std. dev: 2.803e-05 (Jy/beam)
                                            skew: 0.032
                                        kurtosis: -0.234
Mon 31-05-2021 12:28:33:: INFO    : Internally derived parameters:
                                        beam                 : (0.00189647440745553, 0.00148287319027897, 143.436268954201)
                                        bmpersrc_th          : 400.0
                                        frequency            : 1283895507.8125
                                        indir                : 'Epochs'
                                        minpix_isl           : 6
                                        rms_box              : (17, 2)
                                        rms_box_bright       : (17, 2)
                                        thresh               : 'hard'
                                        trim_box             : [3870, 3900, 4085, 4105]

========================================================================
Mon 31-05-2021 12:29:08:: INFO    : Processing Epochs/img_1540640133_sdp_l0.full_1284.full_pol_fg_wtspec_J1746-3213.ms_data-MFS-image.fits
Mon 31-05-2021 12:29:08:: INFO    : PyBDSF version 1.9.2
Mon 31-05-2021 12:29:08:: INFO    : Non-default input parameters:
                                        filename             = 'Epochs/img_1540640133_sdp_l0.full_1284.full_pol_fg_wtspec_J1746-3213.ms_data-MFS-image.fits'
                                        fix_to_beam          = True
                                        thresh_pix           = 3.0
                                        trim_box             = (3870.0, 3900.0, 4085.0, 4105.0)
Mon 31-05-2021 12:29:08:: USERINFO: --> Opened 'Epochs/img_1540640133_sdp_l0.full_1284.full_pol_fg_wtspec_J1746-3213.ms_data-MFS-image.fits'
Mon 31-05-2021 12:29:08:: INFO    : Original data shape of Epochs/img_1540640133_sdp_l0.full_1284.full_pol_fg_wtspec_J1746-3213.ms_data-MFS-image.fits: (1, 1, 8192, 8192)
Mon 31-05-2021 12:29:09:: INFO    : Final data shape (npol, nchan, x, y): (1, 1, 30, 20)
Mon 31-05-2021 12:29:09:: USERINFO: Image size .............................. : (30, 20) pixels
Mon 31-05-2021 12:29:09:: USERINFO: Number of channels ...................... : 1
Mon 31-05-2021 12:29:09:: USERINFO: Number of Stokes parameters ............. : 1
Mon 31-05-2021 12:29:09:: USERINFO: Beam shape (major, minor, pos angle) .... : (1.89647e-03, 1.48287e-03, 143.4) degrees
Mon 31-05-2021 12:29:09:: INFO    : Equinox of image is 2000.000000.
Mon 31-05-2021 12:29:09:: USERINFO: Frequency of image ...................... : 1283.896 MHz
Mon 31-05-2021 12:29:09:: USERINFO: Number of blank pixels .................. : 0 (0.0%)
Mon 31-05-2021 12:29:09:: INFO    : Raw mean (Stokes I) =  0.0094 mJy and raw rms =  0.0281 mJy 
Mon 31-05-2021 12:29:09:: INFO    : sigma clipped mean (Stokes I) =  0.0112 mJy and  sigma clipped rms =  0.0284 mJy 
Mon 31-05-2021 12:29:09:: USERINFO: Flux from sum of (non-blank) pixels ..... : 0.000 Jy
Mon 31-05-2021 12:29:09:: INFO    : No pixels in image > 5-sigma.
Mon 31-05-2021 12:29:09:: INFO    : Taking number of pixels above 5-sigma as 1.
Mon 31-05-2021 12:29:09:: INFO    : Estimated bmpersrc_th =  400.00
Mon 31-05-2021 12:29:09:: INFO    : Parameter confused is True
Mon 31-05-2021 12:29:09:: USERINFO: --> Calculating background rms and mean images
Mon 31-05-2021 12:29:09:: INFO    : Estimated size of brightest source (pixels) = 4
Mon 31-05-2021 12:29:09:: INFO    : Maximum extent of largest 10-sigma island using clipped rms (pixels) = 0.0
Mon 31-05-2021 12:29:09:: USERINFO: Derived rms_box (box size, step size) ... : (17, 2) pixels
Mon 31-05-2021 12:29:09:: USERINFO: --> Size of rms_box larger than 1/4 of image size
Mon 31-05-2021 12:29:09:: USERINFO: --> Using constant background rms and mean
Mon 31-05-2021 12:29:09:: USERINFO: Value of background rms ................. : 2.84e-05 Jy/beam
Mon 31-05-2021 12:29:09:: USERINFO: Value of background mean ................ : 1e-05 Jy/beam
Mon 31-05-2021 12:29:09:: USERINFO: --> Expected 5-sigma-clipped false detection rate < fdr_ratio
Mon 31-05-2021 12:29:09:: USERINFO: --> Using sigma-clipping ('hard') thresholding
Mon 31-05-2021 12:29:09:: USERINFO: Minimum number of pixels per island ..... : 6
Mon 31-05-2021 12:29:09:: USERINFO: Number of islands found ................. : 0
Mon 31-05-2021 12:29:10:: USERINFO: --> Grouping Gaussians into sources
Mon 31-05-2021 12:29:10:: USERINFO: Number of sources formed from Gaussians   : 0
Mon 31-05-2021 12:29:10:: INFO    : Calculating residual image after subtracting reconstructed gaussians
Mon 31-05-2021 12:29:10:: INFO    : Statistics of the Gaussian residual image:
                                            mean: 9.353e-06 (Jy/beam)
                                        std. dev: 2.803e-05 (Jy/beam)
                                            skew: 0.032
                                        kurtosis: -0.234
Mon 31-05-2021 12:29:11:: INFO    : Internally derived parameters:
                                        beam                 : (0.00189647440745553, 0.00148287319027897, 143.436268954201)
                                        bmpersrc_th          : 400.0
                                        frequency            : 1283895507.8125
                                        indir                : 'Epochs'
                                        minpix_isl           : 6
                                        rms_box              : (17, 2)
                                        rms_box_bright       : (17, 2)
                                        thresh               : 'hard'
                                        trim_box             : [3870, 3900, 4085, 4105]

========================================================================
Mon 31-05-2021 12:34:43:: INFO    : Processing Epochs/img_1540640133_sdp_l0.full_1284.full_pol_fg_wtspec_J1746-3213.ms_data-MFS-image.fits
Mon 31-05-2021 12:34:43:: INFO    : PyBDSF version 1.9.2
Mon 31-05-2021 12:34:43:: INFO    : Non-default input parameters:
                                        filename             = 'Epochs/img_1540640133_sdp_l0.full_1284.full_pol_fg_wtspec_J1746-3213.ms_data-MFS-image.fits'
                                        fix_to_beam          = True
                                        thresh_pix           = 3.0
                                        trim_box             = (3870.0, 3900.0, 4085.0, 4105.0)
Mon 31-05-2021 12:34:43:: USERINFO: --> Opened 'Epochs/img_1540640133_sdp_l0.full_1284.full_pol_fg_wtspec_J1746-3213.ms_data-MFS-image.fits'
Mon 31-05-2021 12:34:43:: INFO    : Original data shape of Epochs/img_1540640133_sdp_l0.full_1284.full_pol_fg_wtspec_J1746-3213.ms_data-MFS-image.fits: (1, 1, 8192, 8192)
Mon 31-05-2021 12:34:43:: INFO    : Final data shape (npol, nchan, x, y): (1, 1, 30, 20)
Mon 31-05-2021 12:34:43:: USERINFO: Image size .............................. : (30, 20) pixels
Mon 31-05-2021 12:34:43:: USERINFO: Number of channels ...................... : 1
Mon 31-05-2021 12:34:43:: USERINFO: Number of Stokes parameters ............. : 1
Mon 31-05-2021 12:34:44:: USERINFO: Beam shape (major, minor, pos angle) .... : (1.89647e-03, 1.48287e-03, 143.4) degrees
Mon 31-05-2021 12:34:44:: INFO    : Equinox of image is 2000.000000.
Mon 31-05-2021 12:34:44:: USERINFO: Frequency of image ...................... : 1283.896 MHz
Mon 31-05-2021 12:34:44:: USERINFO: Number of blank pixels .................. : 0 (0.0%)
Mon 31-05-2021 12:34:44:: INFO    : Raw mean (Stokes I) =  0.0094 mJy and raw rms =  0.0281 mJy 
Mon 31-05-2021 12:34:44:: INFO    : sigma clipped mean (Stokes I) =  0.0112 mJy and  sigma clipped rms =  0.0284 mJy 
Mon 31-05-2021 12:34:44:: USERINFO: Flux from sum of (non-blank) pixels ..... : 0.000 Jy
Mon 31-05-2021 12:34:44:: INFO    : No pixels in image > 5-sigma.
Mon 31-05-2021 12:34:44:: INFO    : Taking number of pixels above 5-sigma as 1.
Mon 31-05-2021 12:34:44:: INFO    : Estimated bmpersrc_th =  400.00
Mon 31-05-2021 12:34:44:: INFO    : Parameter confused is True
Mon 31-05-2021 12:34:44:: USERINFO: --> Calculating background rms and mean images
Mon 31-05-2021 12:34:44:: INFO    : Estimated size of brightest source (pixels) = 4
Mon 31-05-2021 12:34:44:: INFO    : Maximum extent of largest 10-sigma island using clipped rms (pixels) = 0.0
Mon 31-05-2021 12:34:44:: USERINFO: Derived rms_box (box size, step size) ... : (17, 2) pixels
Mon 31-05-2021 12:34:44:: USERINFO: --> Size of rms_box larger than 1/4 of image size
Mon 31-05-2021 12:34:44:: USERINFO: --> Using constant background rms and mean
Mon 31-05-2021 12:34:44:: USERINFO: Value of background rms ................. : 2.84e-05 Jy/beam
Mon 31-05-2021 12:34:44:: USERINFO: Value of background mean ................ : 1e-05 Jy/beam
Mon 31-05-2021 12:34:44:: USERINFO: --> Expected 5-sigma-clipped false detection rate < fdr_ratio
Mon 31-05-2021 12:34:44:: USERINFO: --> Using sigma-clipping ('hard') thresholding
Mon 31-05-2021 12:34:44:: USERINFO: Minimum number of pixels per island ..... : 6
Mon 31-05-2021 12:34:44:: USERINFO: Number of islands found ................. : 0
Mon 31-05-2021 12:34:45:: USERINFO: --> Grouping Gaussians into sources
Mon 31-05-2021 12:34:45:: USERINFO: Number of sources formed from Gaussians   : 0
Mon 31-05-2021 12:34:46:: INFO    : Calculating residual image after subtracting reconstructed gaussians
Mon 31-05-2021 12:34:46:: INFO    : Statistics of the Gaussian residual image:
                                            mean: 9.353e-06 (Jy/beam)
                                        std. dev: 2.803e-05 (Jy/beam)
                                            skew: 0.032
                                        kurtosis: -0.234
Mon 31-05-2021 12:34:46:: INFO    : Internally derived parameters:
                                        beam                 : (0.00189647440745553, 0.00148287319027897, 143.436268954201)
                                        bmpersrc_th          : 400.0
                                        frequency            : 1283895507.8125
                                        indir                : 'Epochs'
                                        minpix_isl           : 6
                                        rms_box              : (17, 2)
                                        rms_box_bright       : (17, 2)
                                        thresh               : 'hard'
                                        trim_box             : [3870, 3900, 4085, 4105]

========================================================================
Thu 17-06-2021 13:06:29:: INFO    : Processing Epochs/img_1540640133_sdp_l0.full_1284.full_pol_fg_wtspec_J1746-3213.ms_data-MFS-image.fits
Thu 17-06-2021 13:06:29:: INFO    : PyBDSF version 1.9.2
Thu 17-06-2021 13:06:29:: INFO    : Non-default input parameters:
                                        filename             = 'Epochs/img_1540640133_sdp_l0.full_1284.full_pol_fg_wtspec_J1746-3213.ms_data-MFS-image.fits'
                                        fix_to_beam          = True
                                        thresh_pix           = 3.0
                                        trim_box             = (3870.0, 3900.0, 4085.0, 4105.0)
Thu 17-06-2021 13:06:29:: USERINFO: --> Opened 'Epochs/img_1540640133_sdp_l0.full_1284.full_pol_fg_wtspec_J1746-3213.ms_data-MFS-image.fits'
Thu 17-06-2021 13:06:29:: INFO    : Original data shape of Epochs/img_1540640133_sdp_l0.full_1284.full_pol_fg_wtspec_J1746-3213.ms_data-MFS-image.fits: (1, 1, 8192, 8192)
Thu 17-06-2021 13:06:29:: INFO    : Final data shape (npol, nchan, x, y): (1, 1, 30, 20)
Thu 17-06-2021 13:06:29:: USERINFO: Image size .............................. : (30, 20) pixels
Thu 17-06-2021 13:06:29:: USERINFO: Number of channels ...................... : 1
Thu 17-06-2021 13:06:29:: USERINFO: Number of Stokes parameters ............. : 1
Thu 17-06-2021 13:06:29:: USERINFO: Beam shape (major, minor, pos angle) .... : (1.89647e-03, 1.48287e-03, 143.4) degrees
Thu 17-06-2021 13:06:29:: INFO    : Equinox of image is 2000.000000.
Thu 17-06-2021 13:06:29:: USERINFO: Frequency of image ...................... : 1283.896 MHz
Thu 17-06-2021 13:06:29:: USERINFO: Number of blank pixels .................. : 0 (0.0%)
Thu 17-06-2021 13:06:30:: INFO    : Raw mean (Stokes I) =  0.0094 mJy and raw rms =  0.0281 mJy 
Thu 17-06-2021 13:06:30:: INFO    : sigma clipped mean (Stokes I) =  0.0112 mJy and  sigma clipped rms =  0.0284 mJy 
Thu 17-06-2021 13:06:30:: USERINFO: Flux from sum of (non-blank) pixels ..... : 0.000 Jy
Thu 17-06-2021 13:06:30:: INFO    : No pixels in image > 5-sigma.
Thu 17-06-2021 13:06:30:: INFO    : Taking number of pixels above 5-sigma as 1.
Thu 17-06-2021 13:06:30:: INFO    : Estimated bmpersrc_th =  400.00
Thu 17-06-2021 13:06:30:: INFO    : Parameter confused is True
Thu 17-06-2021 13:06:30:: USERINFO: --> Calculating background rms and mean images
Thu 17-06-2021 13:06:30:: INFO    : Estimated size of brightest source (pixels) = 4
Thu 17-06-2021 13:06:30:: INFO    : Maximum extent of largest 10-sigma island using clipped rms (pixels) = 0.0
Thu 17-06-2021 13:06:30:: USERINFO: Derived rms_box (box size, step size) ... : (17, 2) pixels
Thu 17-06-2021 13:06:30:: USERINFO: --> Size of rms_box larger than 1/4 of image size
Thu 17-06-2021 13:06:30:: USERINFO: --> Using constant background rms and mean
Thu 17-06-2021 13:06:30:: USERINFO: Value of background rms ................. : 2.84e-05 Jy/beam
Thu 17-06-2021 13:06:30:: USERINFO: Value of background mean ................ : 1e-05 Jy/beam
Thu 17-06-2021 13:06:30:: USERINFO: --> Expected 5-sigma-clipped false detection rate < fdr_ratio
Thu 17-06-2021 13:06:30:: USERINFO: --> Using sigma-clipping ('hard') thresholding
Thu 17-06-2021 13:06:30:: USERINFO: Minimum number of pixels per island ..... : 6
Thu 17-06-2021 13:06:30:: USERINFO: Number of islands found ................. : 0
Thu 17-06-2021 13:06:31:: USERINFO: --> Grouping Gaussians into sources
Thu 17-06-2021 13:06:31:: USERINFO: Number of sources formed from Gaussians   : 0
Thu 17-06-2021 13:06:32:: INFO    : Calculating residual image after subtracting reconstructed gaussians
Thu 17-06-2021 13:06:32:: INFO    : Statistics of the Gaussian residual image:
                                            mean: 9.353e-06 (Jy/beam)
                                        std. dev: 2.803e-05 (Jy/beam)
                                            skew: 0.032
                                        kurtosis: -0.234
Thu 17-06-2021 13:06:33:: INFO    : Internally derived parameters:
                                        beam                 : (0.00189647440745553, 0.00148287319027897, 143.436268954201)
                                        bmpersrc_th          : 400.0
                                        frequency            : 1283895507.8125
                                        indir                : 'Epochs'
                                        minpix_isl           : 6
                                        rms_box              : (17, 2)
                                        rms_box_bright       : (17, 2)
                                        thresh               : 'hard'
                                        trim_box             : [3870, 3900, 4085, 4105]
